2026-05-18 13:15:19 | INFO     | pytest | Starting browser: chrome
2026-05-18 13:15:22 | INFO     | e2e | Opening home page for end-to-end flow: https://www.99acres.com/
2026-05-18 13:15:29 | INFO     | e2e | Captured E2E step screenshot: C:\Users\bkavi\OneDrive\Desktop\Wipro Project\screenshots\e2e_01_home_page_opened_20260518_131528.png
2026-05-18 13:15:31 | INFO     | e2e | Captured E2E step screenshot: C:\Users\bkavi\OneDrive\Desktop\Wipro Project\screenshots\e2e_02_login_popup_opened_20260518_131530.png
2026-05-18 13:16:36 | ERROR    | pytest | Test failed, but screenshot capture was unavailable: Message: invalid session id; For documentation on this error, please visit: https://www.selenium.dev/documentation/webdriver/troubleshooting/errors#invalidsessionidexception
Stacktrace:
	chromedriver!GetHandleVerifier [0x7ff6cde01e35+2e8d45]
	chromedriver!GetHandleVerifier [0x7ff6cdb2e6c0+155d0]
	chromedriver!(No symbol) [0x7ff6cd87d366]
	chromedriver!(No symbol) [0x7ff6cd8c8dd6]
	chromedriver!(No symbol) [0x7ff6cd8ffd72]
	chromedriver!(No symbol) [0x7ff6cd8f9baf]
	chromedriver!(No symbol) [0x7ff6cd8f9373]
	chromedriver!(No symbol) [0x7ff6cd846325]
	chromedriver!GetHandleVerifier [0x7ff6cde2dab9+3149c9]
	chromedriver!GetHandleVerifier [0x7ff6cde2802b+30ef3b]
	chromedriver!GetHandleVerifier [0x7ff6cde4c872+333782]
	chromedriver!GetHandleVerifier [0x7ff6cdb4b785+32695]
	chromedriver!GetHandleVerifier [0x7ff6cdb542bc+3b1cc]
	chromedriver!(No symbol) [0x7ff6cd8450bc]
	chromedriver!GetHandleVerifier [0x7ff6cdf7dc58+464b68]
	KERNEL32!BaseThreadInitThunk [0x7ffd0725e957+17]
	ntdll!RtlUserThreadStart [0x7ffd0856427c+2c]

2026-05-18 13:16:36 | ERROR    | pytest | Current URL attachment was unavailable: Message: invalid session id; For documentation on this error, please visit: https://www.selenium.dev/documentation/webdriver/troubleshooting/errors#invalidsessionidexception
Stacktrace:
	chromedriver!GetHandleVerifier [0x7ff6cde01e35+2e8d45]
	chromedriver!GetHandleVerifier [0x7ff6cdb2e6c0+155d0]
	chromedriver!(No symbol) [0x7ff6cd87d366]
	chromedriver!(No symbol) [0x7ff6cd8c8dd6]
	chromedriver!(No symbol) [0x7ff6cd8ffd72]
	chromedriver!(No symbol) [0x7ff6cd8f9baf]
	chromedriver!(No symbol) [0x7ff6cd8f9373]
	chromedriver!(No symbol) [0x7ff6cd846325]
	chromedriver!GetHandleVerifier [0x7ff6cde2dab9+3149c9]
	chromedriver!GetHandleVerifier [0x7ff6cde2802b+30ef3b]
	chromedriver!GetHandleVerifier [0x7ff6cde4c872+333782]
	chromedriver!GetHandleVerifier [0x7ff6cdb4b785+32695]
	chromedriver!GetHandleVerifier [0x7ff6cdb542bc+3b1cc]
	chromedriver!(No symbol) [0x7ff6cd8450bc]
	chromedriver!GetHandleVerifier [0x7ff6cdf7dc58+464b68]
	KERNEL32!BaseThreadInitThunk [0x7ffd0725e957+17]
	ntdll!RtlUserThreadStart [0x7ffd0856427c+2c]

2026-05-18 13:16:36 | ERROR    | pytest | Test failed, but screenshot capture was unavailable: Message: invalid session id; For documentation on this error, please visit: https://www.selenium.dev/documentation/webdriver/troubleshooting/errors#invalidsessionidexception
Stacktrace:
	chromedriver!GetHandleVerifier [0x7ff6cde01e35+2e8d45]
	chromedriver!GetHandleVerifier [0x7ff6cdb2e6c0+155d0]
	chromedriver!(No symbol) [0x7ff6cd87d366]
	chromedriver!(No symbol) [0x7ff6cd8c8dd6]
	chromedriver!(No symbol) [0x7ff6cd8ffd72]
	chromedriver!(No symbol) [0x7ff6cd8f9baf]
	chromedriver!(No symbol) [0x7ff6cd8f9373]
	chromedriver!(No symbol) [0x7ff6cd846325]
	chromedriver!GetHandleVerifier [0x7ff6cde2dab9+3149c9]
	chromedriver!GetHandleVerifier [0x7ff6cde2802b+30ef3b]
	chromedriver!GetHandleVerifier [0x7ff6cde4c872+333782]
	chromedriver!GetHandleVerifier [0x7ff6cdb4b785+32695]
	chromedriver!GetHandleVerifier [0x7ff6cdb542bc+3b1cc]
	chromedriver!(No symbol) [0x7ff6cd8450bc]
	chromedriver!GetHandleVerifier [0x7ff6cdf7dc58+464b68]
	KERNEL32!BaseThreadInitThunk [0x7ffd0725e957+17]
	ntdll!RtlUserThreadStart [0x7ffd0856427c+2c]

2026-05-18 13:16:36 | ERROR    | pytest | Current URL attachment was unavailable: Message: invalid session id; For documentation on this error, please visit: https://www.selenium.dev/documentation/webdriver/troubleshooting/errors#invalidsessionidexception
Stacktrace:
	chromedriver!GetHandleVerifier [0x7ff6cde01e35+2e8d45]
	chromedriver!GetHandleVerifier [0x7ff6cdb2e6c0+155d0]
	chromedriver!(No symbol) [0x7ff6cd87d366]
	chromedriver!(No symbol) [0x7ff6cd8c8dd6]
	chromedriver!(No symbol) [0x7ff6cd8ffd72]
	chromedriver!(No symbol) [0x7ff6cd8f9baf]
	chromedriver!(No symbol) [0x7ff6cd8f9373]
	chromedriver!(No symbol) [0x7ff6cd846325]
	chromedriver!GetHandleVerifier [0x7ff6cde2dab9+3149c9]
	chromedriver!GetHandleVerifier [0x7ff6cde2802b+30ef3b]
	chromedriver!GetHandleVerifier [0x7ff6cde4c872+333782]
	chromedriver!GetHandleVerifier [0x7ff6cdb4b785+32695]
	chromedriver!GetHandleVerifier [0x7ff6cdb542bc+3b1cc]
	chromedriver!(No symbol) [0x7ff6cd8450bc]
	chromedriver!GetHandleVerifier [0x7ff6cdf7dc58+464b68]
	KERNEL32!BaseThreadInitThunk [0x7ffd0725e957+17]
	ntdll!RtlUserThreadStart [0x7ffd0856427c+2c]

2026-05-18 13:16:36 | ERROR    | pytest | Test failed, but screenshot capture was unavailable: Message: invalid session id; For documentation on this error, please visit: https://www.selenium.dev/documentation/webdriver/troubleshooting/errors#invalidsessionidexception
Stacktrace:
	chromedriver!GetHandleVerifier [0x7ff6cde01e35+2e8d45]
	chromedriver!GetHandleVerifier [0x7ff6cdb2e6c0+155d0]
	chromedriver!(No symbol) [0x7ff6cd87d366]
	chromedriver!(No symbol) [0x7ff6cd8c8dd6]
	chromedriver!(No symbol) [0x7ff6cd8ffd72]
	chromedriver!(No symbol) [0x7ff6cd8f9baf]
	chromedriver!(No symbol) [0x7ff6cd8f9373]
	chromedriver!(No symbol) [0x7ff6cd846325]
	chromedriver!GetHandleVerifier [0x7ff6cde2dab9+3149c9]
	chromedriver!GetHandleVerifier [0x7ff6cde2802b+30ef3b]
	chromedriver!GetHandleVerifier [0x7ff6cde4c872+333782]
	chromedriver!GetHandleVerifier [0x7ff6cdb4b785+32695]
	chromedriver!GetHandleVerifier [0x7ff6cdb542bc+3b1cc]
	chromedriver!(No symbol) [0x7ff6cd8450bc]
	chromedriver!GetHandleVerifier [0x7ff6cdf7dc58+464b68]
	KERNEL32!BaseThreadInitThunk [0x7ffd0725e957+17]
	ntdll!RtlUserThreadStart [0x7ffd0856427c+2c]

2026-05-18 13:16:36 | ERROR    | pytest | Current URL attachment was unavailable: Message: invalid session id; For documentation on this error, please visit: https://www.selenium.dev/documentation/webdriver/troubleshooting/errors#invalidsessionidexception
Stacktrace:
	chromedriver!GetHandleVerifier [0x7ff6cde01e35+2e8d45]
	chromedriver!GetHandleVerifier [0x7ff6cdb2e6c0+155d0]
	chromedriver!(No symbol) [0x7ff6cd87d366]
	chromedriver!(No symbol) [0x7ff6cd8c8dd6]
	chromedriver!(No symbol) [0x7ff6cd8ffd72]
	chromedriver!(No symbol) [0x7ff6cd8f9baf]
	chromedriver!(No symbol) [0x7ff6cd8f9373]
	chromedriver!(No symbol) [0x7ff6cd846325]
	chromedriver!GetHandleVerifier [0x7ff6cde2dab9+3149c9]
	chromedriver!GetHandleVerifier [0x7ff6cde2802b+30ef3b]
	chromedriver!GetHandleVerifier [0x7ff6cde4c872+333782]
	chromedriver!GetHandleVerifier [0x7ff6cdb4b785+32695]
	chromedriver!GetHandleVerifier [0x7ff6cdb542bc+3b1cc]
	chromedriver!(No symbol) [0x7ff6cd8450bc]
	chromedriver!GetHandleVerifier [0x7ff6cdf7dc58+464b68]
	KERNEL32!BaseThreadInitThunk [0x7ffd0725e957+17]
	ntdll!RtlUserThreadStart [0x7ffd0856427c+2c]

2026-05-18 13:16:36 | ERROR    | pytest | Test failed, but screenshot capture was unavailable: Message: invalid session id; For documentation on this error, please visit: https://www.selenium.dev/documentation/webdriver/troubleshooting/errors#invalidsessionidexception
Stacktrace:
	chromedriver!GetHandleVerifier [0x7ff6cde01e35+2e8d45]
	chromedriver!GetHandleVerifier [0x7ff6cdb2e6c0+155d0]
	chromedriver!(No symbol) [0x7ff6cd87d366]
	chromedriver!(No symbol) [0x7ff6cd8c8dd6]
	chromedriver!(No symbol) [0x7ff6cd8ffd72]
	chromedriver!(No symbol) [0x7ff6cd8f9baf]
	chromedriver!(No symbol) [0x7ff6cd8f9373]
	chromedriver!(No symbol) [0x7ff6cd846325]
	chromedriver!GetHandleVerifier [0x7ff6cde2dab9+3149c9]
	chromedriver!GetHandleVerifier [0x7ff6cde2802b+30ef3b]
	chromedriver!GetHandleVerifier [0x7ff6cde4c872+333782]
	chromedriver!GetHandleVerifier [0x7ff6cdb4b785+32695]
	chromedriver!GetHandleVerifier [0x7ff6cdb542bc+3b1cc]
	chromedriver!(No symbol) [0x7ff6cd8450bc]
	chromedriver!GetHandleVerifier [0x7ff6cdf7dc58+464b68]
	KERNEL32!BaseThreadInitThunk [0x7ffd0725e957+17]
	ntdll!RtlUserThreadStart [0x7ffd0856427c+2c]

2026-05-18 13:16:36 | ERROR    | pytest | Current URL attachment was unavailable: Message: invalid session id; For documentation on this error, please visit: https://www.selenium.dev/documentation/webdriver/troubleshooting/errors#invalidsessionidexception
Stacktrace:
	chromedriver!GetHandleVerifier [0x7ff6cde01e35+2e8d45]
	chromedriver!GetHandleVerifier [0x7ff6cdb2e6c0+155d0]
	chromedriver!(No symbol) [0x7ff6cd87d366]
	chromedriver!(No symbol) [0x7ff6cd8c8dd6]
	chromedriver!(No symbol) [0x7ff6cd8ffd72]
	chromedriver!(No symbol) [0x7ff6cd8f9baf]
	chromedriver!(No symbol) [0x7ff6cd8f9373]
	chromedriver!(No symbol) [0x7ff6cd846325]
	chromedriver!GetHandleVerifier [0x7ff6cde2dab9+3149c9]
	chromedriver!GetHandleVerifier [0x7ff6cde2802b+30ef3b]
	chromedriver!GetHandleVerifier [0x7ff6cde4c872+333782]
	chromedriver!GetHandleVerifier [0x7ff6cdb4b785+32695]
	chromedriver!GetHandleVerifier [0x7ff6cdb542bc+3b1cc]
	chromedriver!(No symbol) [0x7ff6cd8450bc]
	chromedriver!GetHandleVerifier [0x7ff6cdf7dc58+464b68]
	KERNEL32!BaseThreadInitThunk [0x7ffd0725e957+17]
	ntdll!RtlUserThreadStart [0x7ffd0856427c+2c]

2026-05-18 13:16:36 | ERROR    | pytest | Test failed, but screenshot capture was unavailable: Message: invalid session id; For documentation on this error, please visit: https://www.selenium.dev/documentation/webdriver/troubleshooting/errors#invalidsessionidexception
Stacktrace:
	chromedriver!GetHandleVerifier [0x7ff6cde01e35+2e8d45]
	chromedriver!GetHandleVerifier [0x7ff6cdb2e6c0+155d0]
	chromedriver!(No symbol) [0x7ff6cd87d366]
	chromedriver!(No symbol) [0x7ff6cd8c8dd6]
	chromedriver!(No symbol) [0x7ff6cd8ffd72]
	chromedriver!(No symbol) [0x7ff6cd8f9baf]
	chromedriver!(No symbol) [0x7ff6cd8f9373]
	chromedriver!(No symbol) [0x7ff6cd846325]
	chromedriver!GetHandleVerifier [0x7ff6cde2dab9+3149c9]
	chromedriver!GetHandleVerifier [0x7ff6cde2802b+30ef3b]
	chromedriver!GetHandleVerifier [0x7ff6cde4c872+333782]
	chromedriver!GetHandleVerifier [0x7ff6cdb4b785+32695]
	chromedriver!GetHandleVerifier [0x7ff6cdb542bc+3b1cc]
	chromedriver!(No symbol) [0x7ff6cd8450bc]
	chromedriver!GetHandleVerifier [0x7ff6cdf7dc58+464b68]
	KERNEL32!BaseThreadInitThunk [0x7ffd0725e957+17]
	ntdll!RtlUserThreadStart [0x7ffd0856427c+2c]

2026-05-18 13:16:36 | ERROR    | pytest | Current URL attachment was unavailable: Message: invalid session id; For documentation on this error, please visit: https://www.selenium.dev/documentation/webdriver/troubleshooting/errors#invalidsessionidexception
Stacktrace:
	chromedriver!GetHandleVerifier [0x7ff6cde01e35+2e8d45]
	chromedriver!GetHandleVerifier [0x7ff6cdb2e6c0+155d0]
	chromedriver!(No symbol) [0x7ff6cd87d366]
	chromedriver!(No symbol) [0x7ff6cd8c8dd6]
	chromedriver!(No symbol) [0x7ff6cd8ffd72]
	chromedriver!(No symbol) [0x7ff6cd8f9baf]
	chromedriver!(No symbol) [0x7ff6cd8f9373]
	chromedriver!(No symbol) [0x7ff6cd846325]
	chromedriver!GetHandleVerifier [0x7ff6cde2dab9+3149c9]
	chromedriver!GetHandleVerifier [0x7ff6cde2802b+30ef3b]
	chromedriver!GetHandleVerifier [0x7ff6cde4c872+333782]
	chromedriver!GetHandleVerifier [0x7ff6cdb4b785+32695]
	chromedriver!GetHandleVerifier [0x7ff6cdb542bc+3b1cc]
	chromedriver!(No symbol) [0x7ff6cd8450bc]
	chromedriver!GetHandleVerifier [0x7ff6cdf7dc58+464b68]
	KERNEL32!BaseThreadInitThunk [0x7ffd0725e957+17]
	ntdll!RtlUserThreadStart [0x7ffd0856427c+2c]

2026-05-18 13:16:36 | ERROR    | pytest | Test failed, but screenshot capture was unavailable: Message: invalid session id; For documentation on this error, please visit: https://www.selenium.dev/documentation/webdriver/troubleshooting/errors#invalidsessionidexception
Stacktrace:
	chromedriver!GetHandleVerifier [0x7ff6cde01e35+2e8d45]
	chromedriver!GetHandleVerifier [0x7ff6cdb2e6c0+155d0]
	chromedriver!(No symbol) [0x7ff6cd87d366]
	chromedriver!(No symbol) [0x7ff6cd8c8dd6]
	chromedriver!(No symbol) [0x7ff6cd8ffd72]
	chromedriver!(No symbol) [0x7ff6cd8f9baf]
	chromedriver!(No symbol) [0x7ff6cd8f9373]
	chromedriver!(No symbol) [0x7ff6cd846325]
	chromedriver!GetHandleVerifier [0x7ff6cde2dab9+3149c9]
	chromedriver!GetHandleVerifier [0x7ff6cde2802b+30ef3b]
	chromedriver!GetHandleVerifier [0x7ff6cde4c872+333782]
	chromedriver!GetHandleVerifier [0x7ff6cdb4b785+32695]
	chromedriver!GetHandleVerifier [0x7ff6cdb542bc+3b1cc]
	chromedriver!(No symbol) [0x7ff6cd8450bc]
	chromedriver!GetHandleVerifier [0x7ff6cdf7dc58+464b68]
	KERNEL32!BaseThreadInitThunk [0x7ffd0725e957+17]
	ntdll!RtlUserThreadStart [0x7ffd0856427c+2c]

2026-05-18 13:16:36 | ERROR    | pytest | Current URL attachment was unavailable: Message: invalid session id; For documentation on this error, please visit: https://www.selenium.dev/documentation/webdriver/troubleshooting/errors#invalidsessionidexception
Stacktrace:
	chromedriver!GetHandleVerifier [0x7ff6cde01e35+2e8d45]
	chromedriver!GetHandleVerifier [0x7ff6cdb2e6c0+155d0]
	chromedriver!(No symbol) [0x7ff6cd87d366]
	chromedriver!(No symbol) [0x7ff6cd8c8dd6]
	chromedriver!(No symbol) [0x7ff6cd8ffd72]
	chromedriver!(No symbol) [0x7ff6cd8f9baf]
	chromedriver!(No symbol) [0x7ff6cd8f9373]
	chromedriver!(No symbol) [0x7ff6cd846325]
	chromedriver!GetHandleVerifier [0x7ff6cde2dab9+3149c9]
	chromedriver!GetHandleVerifier [0x7ff6cde2802b+30ef3b]
	chromedriver!GetHandleVerifier [0x7ff6cde4c872+333782]
	chromedriver!GetHandleVerifier [0x7ff6cdb4b785+32695]
	chromedriver!GetHandleVerifier [0x7ff6cdb542bc+3b1cc]
	chromedriver!(No symbol) [0x7ff6cd8450bc]
	chromedriver!GetHandleVerifier [0x7ff6cdf7dc58+464b68]
	KERNEL32!BaseThreadInitThunk [0x7ffd0725e957+17]
	ntdll!RtlUserThreadStart [0x7ffd0856427c+2c]

2026-05-18 13:16:36 | INFO     | pytest | Closing browser after complete test session
