2026-05-18 14:07:39 | INFO     | pytest | Starting browser: edge
2026-05-18 14:07:40 | INFO     | e2e | Opening home page for end-to-end flow: https://www.99acres.com/
2026-05-18 14:07:47 | INFO     | e2e | Captured E2E step screenshot: C:\Users\bkavi\OneDrive\Desktop\Wipro Project\screenshots\e2e_01_home_page_opened_20260518_140747.png
2026-05-18 14:07:47 | INFO     | e2e | Searching properties for location: Mumbai
2026-05-18 14:07:52 | INFO     | e2e | Captured E2E step screenshot: C:\Users\bkavi\OneDrive\Desktop\Wipro Project\screenshots\e2e_02_mumbai_results_loaded_20260518_140752.png
2026-05-18 14:09:06 | INFO     | e2e | Captured E2E step screenshot: C:\Users\bkavi\OneDrive\Desktop\Wipro Project\screenshots\e2e_03_filters_applied_20260518_140906.png
2026-05-18 14:09:07 | INFO     | e2e | Captured E2E step screenshot: C:\Users\bkavi\OneDrive\Desktop\Wipro Project\screenshots\e2e_04_e2e_flow_completed_20260518_140907.png
2026-05-18 14:09:20 | ERROR    | pytest | Test failed, but screenshot capture was unavailable: Message: invalid session id; For documentation on this error, please visit: https://www.selenium.dev/documentation/webdriver/troubleshooting/errors#invalidsessionidexception
Stacktrace:
	msedgedriver!GetHandleVerifier [0x7ff7e8f1e295+e0f5]
	msedgedriver!GetHandleVerifier [0x7ff7e8f1e2f4+e154]
	msedgedriver!(No symbol) [0x7ff7e8c4ac4e]
	msedgedriver!(No symbol) [0x7ff7e8c88d05]
	msedgedriver!(No symbol) [0x7ff7e8cb4022]
	msedgedriver!(No symbol) [0x7ff7e8c42767]
	msedgedriver!(No symbol) [0x7ff7e8cb06ae]
	msedgedriver!(No symbol) [0x7ff7e8caff3c]
	msedgedriver!(No symbol) [0x7ff7e8c22ea5]
	msedgedriver!(No symbol) [0x7ff7e8d52519]
	msedgedriver!(No symbol) [0x7ff7e8d4ec93]
	msedgedriver!(No symbol) [0x7ff7e8d5f182]
	msedgedriver!GetHandleVerifier [0x7ff7e8f3aa68+2a8c8]
	msedgedriver!GetHandleVerifier [0x7ff7e8f432f6+33156]
	msedgedriver!(No symbol) [0x7ff7e8c2183c]
	msedgedriver!GetHandleVerifier [0x7ff7e90a4368+1941c8]
	KERNEL32!BaseThreadInitThunk [0x7ffd0725e957+17]
	ntdll!RtlUserThreadStart [0x7ffd0856427c+2c]

2026-05-18 14:09:20 | ERROR    | pytest | Current URL attachment was unavailable: Message: invalid session id; For documentation on this error, please visit: https://www.selenium.dev/documentation/webdriver/troubleshooting/errors#invalidsessionidexception
Stacktrace:
	msedgedriver!GetHandleVerifier [0x7ff7e8f1e295+e0f5]
	msedgedriver!GetHandleVerifier [0x7ff7e8f1e2f4+e154]
	msedgedriver!(No symbol) [0x7ff7e8c4ac4e]
	msedgedriver!(No symbol) [0x7ff7e8c88d05]
	msedgedriver!(No symbol) [0x7ff7e8cb4022]
	msedgedriver!(No symbol) [0x7ff7e8c42767]
	msedgedriver!(No symbol) [0x7ff7e8cb06ae]
	msedgedriver!(No symbol) [0x7ff7e8caff3c]
	msedgedriver!(No symbol) [0x7ff7e8c22ea5]
	msedgedriver!(No symbol) [0x7ff7e8d52519]
	msedgedriver!(No symbol) [0x7ff7e8d4ec93]
	msedgedriver!(No symbol) [0x7ff7e8d5f182]
	msedgedriver!GetHandleVerifier [0x7ff7e8f3aa68+2a8c8]
	msedgedriver!GetHandleVerifier [0x7ff7e8f432f6+33156]
	msedgedriver!(No symbol) [0x7ff7e8c2183c]
	msedgedriver!GetHandleVerifier [0x7ff7e90a4368+1941c8]
	KERNEL32!BaseThreadInitThunk [0x7ffd0725e957+17]
	ntdll!RtlUserThreadStart [0x7ffd0856427c+2c]

2026-05-18 14:09:20 | ERROR    | pytest | Test failed, but screenshot capture was unavailable: Message: invalid session id; For documentation on this error, please visit: https://www.selenium.dev/documentation/webdriver/troubleshooting/errors#invalidsessionidexception
Stacktrace:
	msedgedriver!GetHandleVerifier [0x7ff7e8f1e295+e0f5]
	msedgedriver!GetHandleVerifier [0x7ff7e8f1e2f4+e154]
	msedgedriver!(No symbol) [0x7ff7e8c4ac4e]
	msedgedriver!(No symbol) [0x7ff7e8c88d05]
	msedgedriver!(No symbol) [0x7ff7e8cb4022]
	msedgedriver!(No symbol) [0x7ff7e8c42767]
	msedgedriver!(No symbol) [0x7ff7e8cb06ae]
	msedgedriver!(No symbol) [0x7ff7e8caff3c]
	msedgedriver!(No symbol) [0x7ff7e8c22ea5]
	msedgedriver!(No symbol) [0x7ff7e8d52519]
	msedgedriver!(No symbol) [0x7ff7e8d4ec93]
	msedgedriver!(No symbol) [0x7ff7e8d5f182]
	msedgedriver!GetHandleVerifier [0x7ff7e8f3aa68+2a8c8]
	msedgedriver!GetHandleVerifier [0x7ff7e8f432f6+33156]
	msedgedriver!(No symbol) [0x7ff7e8c2183c]
	msedgedriver!GetHandleVerifier [0x7ff7e90a4368+1941c8]
	KERNEL32!BaseThreadInitThunk [0x7ffd0725e957+17]
	ntdll!RtlUserThreadStart [0x7ffd0856427c+2c]

2026-05-18 14:09:21 | ERROR    | pytest | Current URL attachment was unavailable: Message: invalid session id; For documentation on this error, please visit: https://www.selenium.dev/documentation/webdriver/troubleshooting/errors#invalidsessionidexception
Stacktrace:
	msedgedriver!GetHandleVerifier [0x7ff7e8f1e295+e0f5]
	msedgedriver!GetHandleVerifier [0x7ff7e8f1e2f4+e154]
	msedgedriver!(No symbol) [0x7ff7e8c4ac4e]
	msedgedriver!(No symbol) [0x7ff7e8c88d05]
	msedgedriver!(No symbol) [0x7ff7e8cb4022]
	msedgedriver!(No symbol) [0x7ff7e8c42767]
	msedgedriver!(No symbol) [0x7ff7e8cb06ae]
	msedgedriver!(No symbol) [0x7ff7e8caff3c]
	msedgedriver!(No symbol) [0x7ff7e8c22ea5]
	msedgedriver!(No symbol) [0x7ff7e8d52519]
	msedgedriver!(No symbol) [0x7ff7e8d4ec93]
	msedgedriver!(No symbol) [0x7ff7e8d5f182]
	msedgedriver!GetHandleVerifier [0x7ff7e8f3aa68+2a8c8]
	msedgedriver!GetHandleVerifier [0x7ff7e8f432f6+33156]
	msedgedriver!(No symbol) [0x7ff7e8c2183c]
	msedgedriver!GetHandleVerifier [0x7ff7e90a4368+1941c8]
	KERNEL32!BaseThreadInitThunk [0x7ffd0725e957+17]
	ntdll!RtlUserThreadStart [0x7ffd0856427c+2c]

2026-05-18 14:09:21 | ERROR    | pytest | Test failed, but screenshot capture was unavailable: Message: invalid session id; For documentation on this error, please visit: https://www.selenium.dev/documentation/webdriver/troubleshooting/errors#invalidsessionidexception
Stacktrace:
	msedgedriver!GetHandleVerifier [0x7ff7e8f1e295+e0f5]
	msedgedriver!GetHandleVerifier [0x7ff7e8f1e2f4+e154]
	msedgedriver!(No symbol) [0x7ff7e8c4ac4e]
	msedgedriver!(No symbol) [0x7ff7e8c88d05]
	msedgedriver!(No symbol) [0x7ff7e8cb4022]
	msedgedriver!(No symbol) [0x7ff7e8c42767]
	msedgedriver!(No symbol) [0x7ff7e8cb06ae]
	msedgedriver!(No symbol) [0x7ff7e8caff3c]
	msedgedriver!(No symbol) [0x7ff7e8c22ea5]
	msedgedriver!(No symbol) [0x7ff7e8d52519]
	msedgedriver!(No symbol) [0x7ff7e8d4ec93]
	msedgedriver!(No symbol) [0x7ff7e8d5f182]
	msedgedriver!GetHandleVerifier [0x7ff7e8f3aa68+2a8c8]
	msedgedriver!GetHandleVerifier [0x7ff7e8f432f6+33156]
	msedgedriver!(No symbol) [0x7ff7e8c2183c]
	msedgedriver!GetHandleVerifier [0x7ff7e90a4368+1941c8]
	KERNEL32!BaseThreadInitThunk [0x7ffd0725e957+17]
	ntdll!RtlUserThreadStart [0x7ffd0856427c+2c]

2026-05-18 14:09:21 | ERROR    | pytest | Current URL attachment was unavailable: Message: invalid session id; For documentation on this error, please visit: https://www.selenium.dev/documentation/webdriver/troubleshooting/errors#invalidsessionidexception
Stacktrace:
	msedgedriver!GetHandleVerifier [0x7ff7e8f1e295+e0f5]
	msedgedriver!GetHandleVerifier [0x7ff7e8f1e2f4+e154]
	msedgedriver!(No symbol) [0x7ff7e8c4ac4e]
	msedgedriver!(No symbol) [0x7ff7e8c88d05]
	msedgedriver!(No symbol) [0x7ff7e8cb4022]
	msedgedriver!(No symbol) [0x7ff7e8c42767]
	msedgedriver!(No symbol) [0x7ff7e8cb06ae]
	msedgedriver!(No symbol) [0x7ff7e8caff3c]
	msedgedriver!(No symbol) [0x7ff7e8c22ea5]
	msedgedriver!(No symbol) [0x7ff7e8d52519]
	msedgedriver!(No symbol) [0x7ff7e8d4ec93]
	msedgedriver!(No symbol) [0x7ff7e8d5f182]
	msedgedriver!GetHandleVerifier [0x7ff7e8f3aa68+2a8c8]
	msedgedriver!GetHandleVerifier [0x7ff7e8f432f6+33156]
	msedgedriver!(No symbol) [0x7ff7e8c2183c]
	msedgedriver!GetHandleVerifier [0x7ff7e90a4368+1941c8]
	KERNEL32!BaseThreadInitThunk [0x7ffd0725e957+17]
	ntdll!RtlUserThreadStart [0x7ffd0856427c+2c]

2026-05-18 14:09:21 | ERROR    | pytest | Test failed, but screenshot capture was unavailable: Message: invalid session id; For documentation on this error, please visit: https://www.selenium.dev/documentation/webdriver/troubleshooting/errors#invalidsessionidexception
Stacktrace:
	msedgedriver!GetHandleVerifier [0x7ff7e8f1e295+e0f5]
	msedgedriver!GetHandleVerifier [0x7ff7e8f1e2f4+e154]
	msedgedriver!(No symbol) [0x7ff7e8c4ac4e]
	msedgedriver!(No symbol) [0x7ff7e8c88d05]
	msedgedriver!(No symbol) [0x7ff7e8cb4022]
	msedgedriver!(No symbol) [0x7ff7e8c42767]
	msedgedriver!(No symbol) [0x7ff7e8cb06ae]
	msedgedriver!(No symbol) [0x7ff7e8caff3c]
	msedgedriver!(No symbol) [0x7ff7e8c22ea5]
	msedgedriver!(No symbol) [0x7ff7e8d52519]
	msedgedriver!(No symbol) [0x7ff7e8d4ec93]
	msedgedriver!(No symbol) [0x7ff7e8d5f182]
	msedgedriver!GetHandleVerifier [0x7ff7e8f3aa68+2a8c8]
	msedgedriver!GetHandleVerifier [0x7ff7e8f432f6+33156]
	msedgedriver!(No symbol) [0x7ff7e8c2183c]
	msedgedriver!GetHandleVerifier [0x7ff7e90a4368+1941c8]
	KERNEL32!BaseThreadInitThunk [0x7ffd0725e957+17]
	ntdll!RtlUserThreadStart [0x7ffd0856427c+2c]

2026-05-18 14:09:21 | ERROR    | pytest | Current URL attachment was unavailable: Message: invalid session id; For documentation on this error, please visit: https://www.selenium.dev/documentation/webdriver/troubleshooting/errors#invalidsessionidexception
Stacktrace:
	msedgedriver!GetHandleVerifier [0x7ff7e8f1e295+e0f5]
	msedgedriver!GetHandleVerifier [0x7ff7e8f1e2f4+e154]
	msedgedriver!(No symbol) [0x7ff7e8c4ac4e]
	msedgedriver!(No symbol) [0x7ff7e8c88d05]
	msedgedriver!(No symbol) [0x7ff7e8cb4022]
	msedgedriver!(No symbol) [0x7ff7e8c42767]
	msedgedriver!(No symbol) [0x7ff7e8cb06ae]
	msedgedriver!(No symbol) [0x7ff7e8caff3c]
	msedgedriver!(No symbol) [0x7ff7e8c22ea5]
	msedgedriver!(No symbol) [0x7ff7e8d52519]
	msedgedriver!(No symbol) [0x7ff7e8d4ec93]
	msedgedriver!(No symbol) [0x7ff7e8d5f182]
	msedgedriver!GetHandleVerifier [0x7ff7e8f3aa68+2a8c8]
	msedgedriver!GetHandleVerifier [0x7ff7e8f432f6+33156]
	msedgedriver!(No symbol) [0x7ff7e8c2183c]
	msedgedriver!GetHandleVerifier [0x7ff7e90a4368+1941c8]
	KERNEL32!BaseThreadInitThunk [0x7ffd0725e957+17]
	ntdll!RtlUserThreadStart [0x7ffd0856427c+2c]

2026-05-18 14:09:21 | ERROR    | pytest | Test failed, but screenshot capture was unavailable: Message: invalid session id; For documentation on this error, please visit: https://www.selenium.dev/documentation/webdriver/troubleshooting/errors#invalidsessionidexception
Stacktrace:
	msedgedriver!GetHandleVerifier [0x7ff7e8f1e295+e0f5]
	msedgedriver!GetHandleVerifier [0x7ff7e8f1e2f4+e154]
	msedgedriver!(No symbol) [0x7ff7e8c4ac4e]
	msedgedriver!(No symbol) [0x7ff7e8c88d05]
	msedgedriver!(No symbol) [0x7ff7e8cb4022]
	msedgedriver!(No symbol) [0x7ff7e8c42767]
	msedgedriver!(No symbol) [0x7ff7e8cb06ae]
	msedgedriver!(No symbol) [0x7ff7e8caff3c]
	msedgedriver!(No symbol) [0x7ff7e8c22ea5]
	msedgedriver!(No symbol) [0x7ff7e8d52519]
	msedgedriver!(No symbol) [0x7ff7e8d4ec93]
	msedgedriver!(No symbol) [0x7ff7e8d5f182]
	msedgedriver!GetHandleVerifier [0x7ff7e8f3aa68+2a8c8]
	msedgedriver!GetHandleVerifier [0x7ff7e8f432f6+33156]
	msedgedriver!(No symbol) [0x7ff7e8c2183c]
	msedgedriver!GetHandleVerifier [0x7ff7e90a4368+1941c8]
	KERNEL32!BaseThreadInitThunk [0x7ffd0725e957+17]
	ntdll!RtlUserThreadStart [0x7ffd0856427c+2c]

2026-05-18 14:09:21 | ERROR    | pytest | Current URL attachment was unavailable: Message: invalid session id; For documentation on this error, please visit: https://www.selenium.dev/documentation/webdriver/troubleshooting/errors#invalidsessionidexception
Stacktrace:
	msedgedriver!GetHandleVerifier [0x7ff7e8f1e295+e0f5]
	msedgedriver!GetHandleVerifier [0x7ff7e8f1e2f4+e154]
	msedgedriver!(No symbol) [0x7ff7e8c4ac4e]
	msedgedriver!(No symbol) [0x7ff7e8c88d05]
	msedgedriver!(No symbol) [0x7ff7e8cb4022]
	msedgedriver!(No symbol) [0x7ff7e8c42767]
	msedgedriver!(No symbol) [0x7ff7e8cb06ae]
	msedgedriver!(No symbol) [0x7ff7e8caff3c]
	msedgedriver!(No symbol) [0x7ff7e8c22ea5]
	msedgedriver!(No symbol) [0x7ff7e8d52519]
	msedgedriver!(No symbol) [0x7ff7e8d4ec93]
	msedgedriver!(No symbol) [0x7ff7e8d5f182]
	msedgedriver!GetHandleVerifier [0x7ff7e8f3aa68+2a8c8]
	msedgedriver!GetHandleVerifier [0x7ff7e8f432f6+33156]
	msedgedriver!(No symbol) [0x7ff7e8c2183c]
	msedgedriver!GetHandleVerifier [0x7ff7e90a4368+1941c8]
	KERNEL32!BaseThreadInitThunk [0x7ffd0725e957+17]
	ntdll!RtlUserThreadStart [0x7ffd0856427c+2c]

2026-05-18 14:09:21 | INFO     | pytest | Closing browser after complete test session
