2026-05-18 13:17:23 | INFO     | pytest | Starting browser: chrome
2026-05-18 13:17:25 | INFO     | e2e | Opening home page for end-to-end flow: https://www.99acres.com/
2026-05-18 13:17:32 | INFO     | e2e | Captured E2E step screenshot: C:\Users\bkavi\OneDrive\Desktop\Wipro Project\screenshots\e2e_01_home_page_opened_20260518_131731.png
2026-05-18 13:17:35 | INFO     | e2e | Captured E2E step screenshot: C:\Users\bkavi\OneDrive\Desktop\Wipro Project\screenshots\e2e_02_login_popup_opened_20260518_131735.png
2026-05-18 13:18:43 | ERROR    | pytest | Test failed, but screenshot capture was unavailable: Message: invalid session id; For documentation on this error, please visit: https://www.selenium.dev/documentation/webdriver/troubleshooting/errors#invalidsessionidexception
Stacktrace:
	chromedriver!GetHandleVerifier [0x7ff6111d1e35+2e8d45]
	chromedriver!GetHandleVerifier [0x7ff610efe6c0+155d0]
	chromedriver!(No symbol) [0x7ff610c4d366]
	chromedriver!(No symbol) [0x7ff610c98dd6]
	chromedriver!(No symbol) [0x7ff610ccfd72]
	chromedriver!(No symbol) [0x7ff610cc9baf]
	chromedriver!(No symbol) [0x7ff610cc9373]
	chromedriver!(No symbol) [0x7ff610c16325]
	chromedriver!GetHandleVerifier [0x7ff6111fdab9+3149c9]
	chromedriver!GetHandleVerifier [0x7ff6111f802b+30ef3b]
	chromedriver!GetHandleVerifier [0x7ff61121c872+333782]
	chromedriver!GetHandleVerifier [0x7ff610f1b785+32695]
	chromedriver!GetHandleVerifier [0x7ff610f242bc+3b1cc]
	chromedriver!(No symbol) [0x7ff610c150bc]
	chromedriver!GetHandleVerifier [0x7ff61134dc58+464b68]
	KERNEL32!BaseThreadInitThunk [0x7ffd0725e957+17]
	ntdll!RtlUserThreadStart [0x7ffd0856427c+2c]

2026-05-18 13:18:43 | ERROR    | pytest | Current URL attachment was unavailable: Message: invalid session id; For documentation on this error, please visit: https://www.selenium.dev/documentation/webdriver/troubleshooting/errors#invalidsessionidexception
Stacktrace:
	chromedriver!GetHandleVerifier [0x7ff6111d1e35+2e8d45]
	chromedriver!GetHandleVerifier [0x7ff610efe6c0+155d0]
	chromedriver!(No symbol) [0x7ff610c4d366]
	chromedriver!(No symbol) [0x7ff610c98dd6]
	chromedriver!(No symbol) [0x7ff610ccfd72]
	chromedriver!(No symbol) [0x7ff610cc9baf]
	chromedriver!(No symbol) [0x7ff610cc9373]
	chromedriver!(No symbol) [0x7ff610c16325]
	chromedriver!GetHandleVerifier [0x7ff6111fdab9+3149c9]
	chromedriver!GetHandleVerifier [0x7ff6111f802b+30ef3b]
	chromedriver!GetHandleVerifier [0x7ff61121c872+333782]
	chromedriver!GetHandleVerifier [0x7ff610f1b785+32695]
	chromedriver!GetHandleVerifier [0x7ff610f242bc+3b1cc]
	chromedriver!(No symbol) [0x7ff610c150bc]
	chromedriver!GetHandleVerifier [0x7ff61134dc58+464b68]
	KERNEL32!BaseThreadInitThunk [0x7ffd0725e957+17]
	ntdll!RtlUserThreadStart [0x7ffd0856427c+2c]

2026-05-18 13:18:43 | ERROR    | pytest | Test failed, but screenshot capture was unavailable: Message: invalid session id; For documentation on this error, please visit: https://www.selenium.dev/documentation/webdriver/troubleshooting/errors#invalidsessionidexception
Stacktrace:
	chromedriver!GetHandleVerifier [0x7ff6111d1e35+2e8d45]
	chromedriver!GetHandleVerifier [0x7ff610efe6c0+155d0]
	chromedriver!(No symbol) [0x7ff610c4d366]
	chromedriver!(No symbol) [0x7ff610c98dd6]
	chromedriver!(No symbol) [0x7ff610ccfd72]
	chromedriver!(No symbol) [0x7ff610cc9baf]
	chromedriver!(No symbol) [0x7ff610cc9373]
	chromedriver!(No symbol) [0x7ff610c16325]
	chromedriver!GetHandleVerifier [0x7ff6111fdab9+3149c9]
	chromedriver!GetHandleVerifier [0x7ff6111f802b+30ef3b]
	chromedriver!GetHandleVerifier [0x7ff61121c872+333782]
	chromedriver!GetHandleVerifier [0x7ff610f1b785+32695]
	chromedriver!GetHandleVerifier [0x7ff610f242bc+3b1cc]
	chromedriver!(No symbol) [0x7ff610c150bc]
	chromedriver!GetHandleVerifier [0x7ff61134dc58+464b68]
	KERNEL32!BaseThreadInitThunk [0x7ffd0725e957+17]
	ntdll!RtlUserThreadStart [0x7ffd0856427c+2c]

2026-05-18 13:18:43 | ERROR    | pytest | Current URL attachment was unavailable: Message: invalid session id; For documentation on this error, please visit: https://www.selenium.dev/documentation/webdriver/troubleshooting/errors#invalidsessionidexception
Stacktrace:
	chromedriver!GetHandleVerifier [0x7ff6111d1e35+2e8d45]
	chromedriver!GetHandleVerifier [0x7ff610efe6c0+155d0]
	chromedriver!(No symbol) [0x7ff610c4d366]
	chromedriver!(No symbol) [0x7ff610c98dd6]
	chromedriver!(No symbol) [0x7ff610ccfd72]
	chromedriver!(No symbol) [0x7ff610cc9baf]
	chromedriver!(No symbol) [0x7ff610cc9373]
	chromedriver!(No symbol) [0x7ff610c16325]
	chromedriver!GetHandleVerifier [0x7ff6111fdab9+3149c9]
	chromedriver!GetHandleVerifier [0x7ff6111f802b+30ef3b]
	chromedriver!GetHandleVerifier [0x7ff61121c872+333782]
	chromedriver!GetHandleVerifier [0x7ff610f1b785+32695]
	chromedriver!GetHandleVerifier [0x7ff610f242bc+3b1cc]
	chromedriver!(No symbol) [0x7ff610c150bc]
	chromedriver!GetHandleVerifier [0x7ff61134dc58+464b68]
	KERNEL32!BaseThreadInitThunk [0x7ffd0725e957+17]
	ntdll!RtlUserThreadStart [0x7ffd0856427c+2c]

2026-05-18 13:18:43 | ERROR    | pytest | Test failed, but screenshot capture was unavailable: Message: invalid session id; For documentation on this error, please visit: https://www.selenium.dev/documentation/webdriver/troubleshooting/errors#invalidsessionidexception
Stacktrace:
	chromedriver!GetHandleVerifier [0x7ff6111d1e35+2e8d45]
	chromedriver!GetHandleVerifier [0x7ff610efe6c0+155d0]
	chromedriver!(No symbol) [0x7ff610c4d366]
	chromedriver!(No symbol) [0x7ff610c98dd6]
	chromedriver!(No symbol) [0x7ff610ccfd72]
	chromedriver!(No symbol) [0x7ff610cc9baf]
	chromedriver!(No symbol) [0x7ff610cc9373]
	chromedriver!(No symbol) [0x7ff610c16325]
	chromedriver!GetHandleVerifier [0x7ff6111fdab9+3149c9]
	chromedriver!GetHandleVerifier [0x7ff6111f802b+30ef3b]
	chromedriver!GetHandleVerifier [0x7ff61121c872+333782]
	chromedriver!GetHandleVerifier [0x7ff610f1b785+32695]
	chromedriver!GetHandleVerifier [0x7ff610f242bc+3b1cc]
	chromedriver!(No symbol) [0x7ff610c150bc]
	chromedriver!GetHandleVerifier [0x7ff61134dc58+464b68]
	KERNEL32!BaseThreadInitThunk [0x7ffd0725e957+17]
	ntdll!RtlUserThreadStart [0x7ffd0856427c+2c]

2026-05-18 13:18:43 | ERROR    | pytest | Current URL attachment was unavailable: Message: invalid session id; For documentation on this error, please visit: https://www.selenium.dev/documentation/webdriver/troubleshooting/errors#invalidsessionidexception
Stacktrace:
	chromedriver!GetHandleVerifier [0x7ff6111d1e35+2e8d45]
	chromedriver!GetHandleVerifier [0x7ff610efe6c0+155d0]
	chromedriver!(No symbol) [0x7ff610c4d366]
	chromedriver!(No symbol) [0x7ff610c98dd6]
	chromedriver!(No symbol) [0x7ff610ccfd72]
	chromedriver!(No symbol) [0x7ff610cc9baf]
	chromedriver!(No symbol) [0x7ff610cc9373]
	chromedriver!(No symbol) [0x7ff610c16325]
	chromedriver!GetHandleVerifier [0x7ff6111fdab9+3149c9]
	chromedriver!GetHandleVerifier [0x7ff6111f802b+30ef3b]
	chromedriver!GetHandleVerifier [0x7ff61121c872+333782]
	chromedriver!GetHandleVerifier [0x7ff610f1b785+32695]
	chromedriver!GetHandleVerifier [0x7ff610f242bc+3b1cc]
	chromedriver!(No symbol) [0x7ff610c150bc]
	chromedriver!GetHandleVerifier [0x7ff61134dc58+464b68]
	KERNEL32!BaseThreadInitThunk [0x7ffd0725e957+17]
	ntdll!RtlUserThreadStart [0x7ffd0856427c+2c]

2026-05-18 13:18:44 | ERROR    | pytest | Test failed, but screenshot capture was unavailable: Message: invalid session id; For documentation on this error, please visit: https://www.selenium.dev/documentation/webdriver/troubleshooting/errors#invalidsessionidexception
Stacktrace:
	chromedriver!GetHandleVerifier [0x7ff6111d1e35+2e8d45]
	chromedriver!GetHandleVerifier [0x7ff610efe6c0+155d0]
	chromedriver!(No symbol) [0x7ff610c4d366]
	chromedriver!(No symbol) [0x7ff610c98dd6]
	chromedriver!(No symbol) [0x7ff610ccfd72]
	chromedriver!(No symbol) [0x7ff610cc9baf]
	chromedriver!(No symbol) [0x7ff610cc9373]
	chromedriver!(No symbol) [0x7ff610c16325]
	chromedriver!GetHandleVerifier [0x7ff6111fdab9+3149c9]
	chromedriver!GetHandleVerifier [0x7ff6111f802b+30ef3b]
	chromedriver!GetHandleVerifier [0x7ff61121c872+333782]
	chromedriver!GetHandleVerifier [0x7ff610f1b785+32695]
	chromedriver!GetHandleVerifier [0x7ff610f242bc+3b1cc]
	chromedriver!(No symbol) [0x7ff610c150bc]
	chromedriver!GetHandleVerifier [0x7ff61134dc58+464b68]
	KERNEL32!BaseThreadInitThunk [0x7ffd0725e957+17]
	ntdll!RtlUserThreadStart [0x7ffd0856427c+2c]

2026-05-18 13:18:44 | ERROR    | pytest | Current URL attachment was unavailable: Message: invalid session id; For documentation on this error, please visit: https://www.selenium.dev/documentation/webdriver/troubleshooting/errors#invalidsessionidexception
Stacktrace:
	chromedriver!GetHandleVerifier [0x7ff6111d1e35+2e8d45]
	chromedriver!GetHandleVerifier [0x7ff610efe6c0+155d0]
	chromedriver!(No symbol) [0x7ff610c4d366]
	chromedriver!(No symbol) [0x7ff610c98dd6]
	chromedriver!(No symbol) [0x7ff610ccfd72]
	chromedriver!(No symbol) [0x7ff610cc9baf]
	chromedriver!(No symbol) [0x7ff610cc9373]
	chromedriver!(No symbol) [0x7ff610c16325]
	chromedriver!GetHandleVerifier [0x7ff6111fdab9+3149c9]
	chromedriver!GetHandleVerifier [0x7ff6111f802b+30ef3b]
	chromedriver!GetHandleVerifier [0x7ff61121c872+333782]
	chromedriver!GetHandleVerifier [0x7ff610f1b785+32695]
	chromedriver!GetHandleVerifier [0x7ff610f242bc+3b1cc]
	chromedriver!(No symbol) [0x7ff610c150bc]
	chromedriver!GetHandleVerifier [0x7ff61134dc58+464b68]
	KERNEL32!BaseThreadInitThunk [0x7ffd0725e957+17]
	ntdll!RtlUserThreadStart [0x7ffd0856427c+2c]

2026-05-18 13:18:44 | ERROR    | pytest | Test failed, but screenshot capture was unavailable: Message: invalid session id; For documentation on this error, please visit: https://www.selenium.dev/documentation/webdriver/troubleshooting/errors#invalidsessionidexception
Stacktrace:
	chromedriver!GetHandleVerifier [0x7ff6111d1e35+2e8d45]
	chromedriver!GetHandleVerifier [0x7ff610efe6c0+155d0]
	chromedriver!(No symbol) [0x7ff610c4d366]
	chromedriver!(No symbol) [0x7ff610c98dd6]
	chromedriver!(No symbol) [0x7ff610ccfd72]
	chromedriver!(No symbol) [0x7ff610cc9baf]
	chromedriver!(No symbol) [0x7ff610cc9373]
	chromedriver!(No symbol) [0x7ff610c16325]
	chromedriver!GetHandleVerifier [0x7ff6111fdab9+3149c9]
	chromedriver!GetHandleVerifier [0x7ff6111f802b+30ef3b]
	chromedriver!GetHandleVerifier [0x7ff61121c872+333782]
	chromedriver!GetHandleVerifier [0x7ff610f1b785+32695]
	chromedriver!GetHandleVerifier [0x7ff610f242bc+3b1cc]
	chromedriver!(No symbol) [0x7ff610c150bc]
	chromedriver!GetHandleVerifier [0x7ff61134dc58+464b68]
	KERNEL32!BaseThreadInitThunk [0x7ffd0725e957+17]
	ntdll!RtlUserThreadStart [0x7ffd0856427c+2c]

2026-05-18 13:18:44 | ERROR    | pytest | Current URL attachment was unavailable: Message: invalid session id; For documentation on this error, please visit: https://www.selenium.dev/documentation/webdriver/troubleshooting/errors#invalidsessionidexception
Stacktrace:
	chromedriver!GetHandleVerifier [0x7ff6111d1e35+2e8d45]
	chromedriver!GetHandleVerifier [0x7ff610efe6c0+155d0]
	chromedriver!(No symbol) [0x7ff610c4d366]
	chromedriver!(No symbol) [0x7ff610c98dd6]
	chromedriver!(No symbol) [0x7ff610ccfd72]
	chromedriver!(No symbol) [0x7ff610cc9baf]
	chromedriver!(No symbol) [0x7ff610cc9373]
	chromedriver!(No symbol) [0x7ff610c16325]
	chromedriver!GetHandleVerifier [0x7ff6111fdab9+3149c9]
	chromedriver!GetHandleVerifier [0x7ff6111f802b+30ef3b]
	chromedriver!GetHandleVerifier [0x7ff61121c872+333782]
	chromedriver!GetHandleVerifier [0x7ff610f1b785+32695]
	chromedriver!GetHandleVerifier [0x7ff610f242bc+3b1cc]
	chromedriver!(No symbol) [0x7ff610c150bc]
	chromedriver!GetHandleVerifier [0x7ff61134dc58+464b68]
	KERNEL32!BaseThreadInitThunk [0x7ffd0725e957+17]
	ntdll!RtlUserThreadStart [0x7ffd0856427c+2c]

2026-05-18 13:18:44 | ERROR    | pytest | Test failed, but screenshot capture was unavailable: Message: invalid session id; For documentation on this error, please visit: https://www.selenium.dev/documentation/webdriver/troubleshooting/errors#invalidsessionidexception
Stacktrace:
	chromedriver!GetHandleVerifier [0x7ff6111d1e35+2e8d45]
	chromedriver!GetHandleVerifier [0x7ff610efe6c0+155d0]
	chromedriver!(No symbol) [0x7ff610c4d366]
	chromedriver!(No symbol) [0x7ff610c98dd6]
	chromedriver!(No symbol) [0x7ff610ccfd72]
	chromedriver!(No symbol) [0x7ff610cc9baf]
	chromedriver!(No symbol) [0x7ff610cc9373]
	chromedriver!(No symbol) [0x7ff610c16325]
	chromedriver!GetHandleVerifier [0x7ff6111fdab9+3149c9]
	chromedriver!GetHandleVerifier [0x7ff6111f802b+30ef3b]
	chromedriver!GetHandleVerifier [0x7ff61121c872+333782]
	chromedriver!GetHandleVerifier [0x7ff610f1b785+32695]
	chromedriver!GetHandleVerifier [0x7ff610f242bc+3b1cc]
	chromedriver!(No symbol) [0x7ff610c150bc]
	chromedriver!GetHandleVerifier [0x7ff61134dc58+464b68]
	KERNEL32!BaseThreadInitThunk [0x7ffd0725e957+17]
	ntdll!RtlUserThreadStart [0x7ffd0856427c+2c]

2026-05-18 13:18:44 | ERROR    | pytest | Current URL attachment was unavailable: Message: invalid session id; For documentation on this error, please visit: https://www.selenium.dev/documentation/webdriver/troubleshooting/errors#invalidsessionidexception
Stacktrace:
	chromedriver!GetHandleVerifier [0x7ff6111d1e35+2e8d45]
	chromedriver!GetHandleVerifier [0x7ff610efe6c0+155d0]
	chromedriver!(No symbol) [0x7ff610c4d366]
	chromedriver!(No symbol) [0x7ff610c98dd6]
	chromedriver!(No symbol) [0x7ff610ccfd72]
	chromedriver!(No symbol) [0x7ff610cc9baf]
	chromedriver!(No symbol) [0x7ff610cc9373]
	chromedriver!(No symbol) [0x7ff610c16325]
	chromedriver!GetHandleVerifier [0x7ff6111fdab9+3149c9]
	chromedriver!GetHandleVerifier [0x7ff6111f802b+30ef3b]
	chromedriver!GetHandleVerifier [0x7ff61121c872+333782]
	chromedriver!GetHandleVerifier [0x7ff610f1b785+32695]
	chromedriver!GetHandleVerifier [0x7ff610f242bc+3b1cc]
	chromedriver!(No symbol) [0x7ff610c150bc]
	chromedriver!GetHandleVerifier [0x7ff61134dc58+464b68]
	KERNEL32!BaseThreadInitThunk [0x7ffd0725e957+17]
	ntdll!RtlUserThreadStart [0x7ffd0856427c+2c]

2026-05-18 13:18:44 | INFO     | pytest | Closing browser after complete test session
