2026-05-18 13:50:29 | INFO     | pytest | Starting browser: edge
2026-05-18 13:50:31 | INFO     | e2e | Opening home page for end-to-end flow: https://www.99acres.com/
2026-05-18 13:50:37 | INFO     | e2e | Captured E2E step screenshot: C:\Users\bkavi\OneDrive\Desktop\Wipro Project\screenshots\e2e_01_home_page_opened_20260518_135037.png
2026-05-18 13:50:39 | INFO     | e2e | Captured E2E step screenshot: C:\Users\bkavi\OneDrive\Desktop\Wipro Project\screenshots\e2e_02_login_popup_opened_20260518_135038.png
2026-05-18 13:50:57 | ERROR    | pytest | Test failed. Screenshot saved: C:\Users\bkavi\OneDrive\Desktop\Wipro Project\screenshots\tests_test_e2e_99acres.py_Test99AcresEndToEnd_test_login_search_and_filter_mumbai_properties_20260518_135056.png
2026-05-18 13:51:28 | ERROR    | pytest | Test failed. Screenshot saved: C:\Users\bkavi\OneDrive\Desktop\Wipro Project\screenshots\tests_test_login.py_TestLogin_test_user_can_start_login_flow_20260518_135127.png
2026-05-18 13:51:38 | ERROR    | pytest | Test failed, but screenshot capture was unavailable: Message: invalid session id; For documentation on this error, please visit: https://www.selenium.dev/documentation/webdriver/troubleshooting/errors#invalidsessionidexception
Stacktrace:
	msedgedriver!GetHandleVerifier [0x7ff775b4e295+e0f5]
	msedgedriver!GetHandleVerifier [0x7ff775b4e2f4+e154]
	msedgedriver!(No symbol) [0x7ff77587ac4e]
	msedgedriver!(No symbol) [0x7ff7758b8d05]
	msedgedriver!(No symbol) [0x7ff7758e4022]
	msedgedriver!(No symbol) [0x7ff775872767]
	msedgedriver!(No symbol) [0x7ff7758e06ae]
	msedgedriver!(No symbol) [0x7ff7758dff3c]
	msedgedriver!(No symbol) [0x7ff775852ea5]
	msedgedriver!(No symbol) [0x7ff775982519]
	msedgedriver!(No symbol) [0x7ff77597ec93]
	msedgedriver!(No symbol) [0x7ff77598f182]
	msedgedriver!GetHandleVerifier [0x7ff775b6aa68+2a8c8]
	msedgedriver!GetHandleVerifier [0x7ff775b732f6+33156]
	msedgedriver!(No symbol) [0x7ff77585183c]
	msedgedriver!GetHandleVerifier [0x7ff775cd4368+1941c8]
	KERNEL32!BaseThreadInitThunk [0x7ffd0725e957+17]
	ntdll!RtlUserThreadStart [0x7ffd0856427c+2c]

2026-05-18 13:51:38 | ERROR    | pytest | Current URL attachment was unavailable: Message: invalid session id; For documentation on this error, please visit: https://www.selenium.dev/documentation/webdriver/troubleshooting/errors#invalidsessionidexception
Stacktrace:
	msedgedriver!GetHandleVerifier [0x7ff775b4e295+e0f5]
	msedgedriver!GetHandleVerifier [0x7ff775b4e2f4+e154]
	msedgedriver!(No symbol) [0x7ff77587ac4e]
	msedgedriver!(No symbol) [0x7ff7758b8d05]
	msedgedriver!(No symbol) [0x7ff7758e4022]
	msedgedriver!(No symbol) [0x7ff775872767]
	msedgedriver!(No symbol) [0x7ff7758e06ae]
	msedgedriver!(No symbol) [0x7ff7758dff3c]
	msedgedriver!(No symbol) [0x7ff775852ea5]
	msedgedriver!(No symbol) [0x7ff775982519]
	msedgedriver!(No symbol) [0x7ff77597ec93]
	msedgedriver!(No symbol) [0x7ff77598f182]
	msedgedriver!GetHandleVerifier [0x7ff775b6aa68+2a8c8]
	msedgedriver!GetHandleVerifier [0x7ff775b732f6+33156]
	msedgedriver!(No symbol) [0x7ff77585183c]
	msedgedriver!GetHandleVerifier [0x7ff775cd4368+1941c8]
	KERNEL32!BaseThreadInitThunk [0x7ffd0725e957+17]
	ntdll!RtlUserThreadStart [0x7ffd0856427c+2c]

2026-05-18 13:51:38 | ERROR    | pytest | Test failed, but screenshot capture was unavailable: Message: invalid session id; For documentation on this error, please visit: https://www.selenium.dev/documentation/webdriver/troubleshooting/errors#invalidsessionidexception
Stacktrace:
	msedgedriver!GetHandleVerifier [0x7ff775b4e295+e0f5]
	msedgedriver!GetHandleVerifier [0x7ff775b4e2f4+e154]
	msedgedriver!(No symbol) [0x7ff77587ac4e]
	msedgedriver!(No symbol) [0x7ff7758b8d05]
	msedgedriver!(No symbol) [0x7ff7758e4022]
	msedgedriver!(No symbol) [0x7ff775872767]
	msedgedriver!(No symbol) [0x7ff7758e06ae]
	msedgedriver!(No symbol) [0x7ff7758dff3c]
	msedgedriver!(No symbol) [0x7ff775852ea5]
	msedgedriver!(No symbol) [0x7ff775982519]
	msedgedriver!(No symbol) [0x7ff77597ec93]
	msedgedriver!(No symbol) [0x7ff77598f182]
	msedgedriver!GetHandleVerifier [0x7ff775b6aa68+2a8c8]
	msedgedriver!GetHandleVerifier [0x7ff775b732f6+33156]
	msedgedriver!(No symbol) [0x7ff77585183c]
	msedgedriver!GetHandleVerifier [0x7ff775cd4368+1941c8]
	KERNEL32!BaseThreadInitThunk [0x7ffd0725e957+17]
	ntdll!RtlUserThreadStart [0x7ffd0856427c+2c]

2026-05-18 13:51:38 | ERROR    | pytest | Current URL attachment was unavailable: Message: invalid session id; For documentation on this error, please visit: https://www.selenium.dev/documentation/webdriver/troubleshooting/errors#invalidsessionidexception
Stacktrace:
	msedgedriver!GetHandleVerifier [0x7ff775b4e295+e0f5]
	msedgedriver!GetHandleVerifier [0x7ff775b4e2f4+e154]
	msedgedriver!(No symbol) [0x7ff77587ac4e]
	msedgedriver!(No symbol) [0x7ff7758b8d05]
	msedgedriver!(No symbol) [0x7ff7758e4022]
	msedgedriver!(No symbol) [0x7ff775872767]
	msedgedriver!(No symbol) [0x7ff7758e06ae]
	msedgedriver!(No symbol) [0x7ff7758dff3c]
	msedgedriver!(No symbol) [0x7ff775852ea5]
	msedgedriver!(No symbol) [0x7ff775982519]
	msedgedriver!(No symbol) [0x7ff77597ec93]
	msedgedriver!(No symbol) [0x7ff77598f182]
	msedgedriver!GetHandleVerifier [0x7ff775b6aa68+2a8c8]
	msedgedriver!GetHandleVerifier [0x7ff775b732f6+33156]
	msedgedriver!(No symbol) [0x7ff77585183c]
	msedgedriver!GetHandleVerifier [0x7ff775cd4368+1941c8]
	KERNEL32!BaseThreadInitThunk [0x7ffd0725e957+17]
	ntdll!RtlUserThreadStart [0x7ffd0856427c+2c]

2026-05-18 13:51:38 | INFO     | pytest | Closing browser after complete test session
