2026-05-19 14:23:36 | INFO     | pytest | Starting browser: edge
2026-05-19 14:23:38 | INFO     | e2e | Opening home page for end-to-end flow: https://www.99acres.com/
2026-05-19 14:23:45 | INFO     | e2e | Captured E2E step screenshot: C:\Users\bkavi\OneDrive\Desktop\Wipro Project\screenshots\e2e_01_home_page_opened_20260519_142344.png
2026-05-19 14:23:45 | INFO     | e2e | Opening login popup from home page.
2026-05-19 14:23:46 | INFO     | e2e | Captured E2E step screenshot: C:\Users\bkavi\OneDrive\Desktop\Wipro Project\screenshots\e2e_02_login_popup_opened_20260519_142346.png
2026-05-19 14:23:46 | INFO     | e2e | Entering mobile number and pausing for manual OTP entry.
2026-05-19 14:24:58 | ERROR    | pytest | Test failed, but screenshot capture was unavailable: Message: invalid session id; For documentation on this error, please visit: https://www.selenium.dev/documentation/webdriver/troubleshooting/errors#invalidsessionidexception
Stacktrace:
	msedgedriver!GetHandleVerifier [0x7ff73b0be295+e0f5]
	msedgedriver!GetHandleVerifier [0x7ff73b0be2f4+e154]
	msedgedriver!(No symbol) [0x7ff73adeac4e]
	msedgedriver!(No symbol) [0x7ff73ae28d05]
	msedgedriver!(No symbol) [0x7ff73ae54022]
	msedgedriver!(No symbol) [0x7ff73ade2767]
	msedgedriver!(No symbol) [0x7ff73ae506ae]
	msedgedriver!(No symbol) [0x7ff73ae4ff3c]
	msedgedriver!(No symbol) [0x7ff73adc2ea5]
	msedgedriver!(No symbol) [0x7ff73aef2519]
	msedgedriver!(No symbol) [0x7ff73aeeec93]
	msedgedriver!(No symbol) [0x7ff73aeff182]
	msedgedriver!GetHandleVerifier [0x7ff73b0daa68+2a8c8]
	msedgedriver!GetHandleVerifier [0x7ff73b0e32f6+33156]
	msedgedriver!(No symbol) [0x7ff73adc183c]
	msedgedriver!GetHandleVerifier [0x7ff73b244368+1941c8]
	KERNEL32!BaseThreadInitThunk [0x7ffd0725e957+17]
	ntdll!RtlUserThreadStart [0x7ffd0856427c+2c]

2026-05-19 14:24:58 | ERROR    | pytest | Current URL attachment was unavailable: Message: invalid session id; For documentation on this error, please visit: https://www.selenium.dev/documentation/webdriver/troubleshooting/errors#invalidsessionidexception
Stacktrace:
	msedgedriver!GetHandleVerifier [0x7ff73b0be295+e0f5]
	msedgedriver!GetHandleVerifier [0x7ff73b0be2f4+e154]
	msedgedriver!(No symbol) [0x7ff73adeac4e]
	msedgedriver!(No symbol) [0x7ff73ae28d05]
	msedgedriver!(No symbol) [0x7ff73ae54022]
	msedgedriver!(No symbol) [0x7ff73ade2767]
	msedgedriver!(No symbol) [0x7ff73ae506ae]
	msedgedriver!(No symbol) [0x7ff73ae4ff3c]
	msedgedriver!(No symbol) [0x7ff73adc2ea5]
	msedgedriver!(No symbol) [0x7ff73aef2519]
	msedgedriver!(No symbol) [0x7ff73aeeec93]
	msedgedriver!(No symbol) [0x7ff73aeff182]
	msedgedriver!GetHandleVerifier [0x7ff73b0daa68+2a8c8]
	msedgedriver!GetHandleVerifier [0x7ff73b0e32f6+33156]
	msedgedriver!(No symbol) [0x7ff73adc183c]
	msedgedriver!GetHandleVerifier [0x7ff73b244368+1941c8]
	KERNEL32!BaseThreadInitThunk [0x7ffd0725e957+17]
	ntdll!RtlUserThreadStart [0x7ffd0856427c+2c]

2026-05-19 14:24:58 | INFO     | pytest | Closing browser after complete test session
