2026-05-18 13:13:17 | INFO     | pytest | Starting browser: chrome
2026-05-18 13:13:20 | INFO     | e2e | Opening home page for end-to-end flow: https://www.99acres.com/
2026-05-18 13:13:27 | INFO     | e2e | Captured E2E step screenshot: C:\Users\bkavi\OneDrive\Desktop\Wipro Project\screenshots\e2e_01_home_page_opened_20260518_131327.png
2026-05-18 13:13:29 | INFO     | e2e | Captured E2E step screenshot: C:\Users\bkavi\OneDrive\Desktop\Wipro Project\screenshots\e2e_02_login_popup_opened_20260518_131329.png
2026-05-18 13:14:33 | ERROR    | pytest | Test failed, but screenshot capture was unavailable: Message: invalid session id; For documentation on this error, please visit: https://www.selenium.dev/documentation/webdriver/troubleshooting/errors#invalidsessionidexception
Stacktrace:
	chromedriver!GetHandleVerifier [0x7ff68f501e35+2e8d45]
	chromedriver!GetHandleVerifier [0x7ff68f22e6c0+155d0]
	chromedriver!(No symbol) [0x7ff68ef7d366]
	chromedriver!(No symbol) [0x7ff68efc8dd6]
	chromedriver!(No symbol) [0x7ff68efffd72]
	chromedriver!(No symbol) [0x7ff68eff9baf]
	chromedriver!(No symbol) [0x7ff68eff9373]
	chromedriver!(No symbol) [0x7ff68ef46325]
	chromedriver!GetHandleVerifier [0x7ff68f52dab9+3149c9]
	chromedriver!GetHandleVerifier [0x7ff68f52802b+30ef3b]
	chromedriver!GetHandleVerifier [0x7ff68f54c872+333782]
	chromedriver!GetHandleVerifier [0x7ff68f24b785+32695]
	chromedriver!GetHandleVerifier [0x7ff68f2542bc+3b1cc]
	chromedriver!(No symbol) [0x7ff68ef450bc]
	chromedriver!GetHandleVerifier [0x7ff68f67dc58+464b68]
	KERNEL32!BaseThreadInitThunk [0x7ffd0725e957+17]
	ntdll!RtlUserThreadStart [0x7ffd0856427c+2c]

2026-05-18 13:14:33 | ERROR    | pytest | Current URL attachment was unavailable: Message: invalid session id; For documentation on this error, please visit: https://www.selenium.dev/documentation/webdriver/troubleshooting/errors#invalidsessionidexception
Stacktrace:
	chromedriver!GetHandleVerifier [0x7ff68f501e35+2e8d45]
	chromedriver!GetHandleVerifier [0x7ff68f22e6c0+155d0]
	chromedriver!(No symbol) [0x7ff68ef7d366]
	chromedriver!(No symbol) [0x7ff68efc8dd6]
	chromedriver!(No symbol) [0x7ff68efffd72]
	chromedriver!(No symbol) [0x7ff68eff9baf]
	chromedriver!(No symbol) [0x7ff68eff9373]
	chromedriver!(No symbol) [0x7ff68ef46325]
	chromedriver!GetHandleVerifier [0x7ff68f52dab9+3149c9]
	chromedriver!GetHandleVerifier [0x7ff68f52802b+30ef3b]
	chromedriver!GetHandleVerifier [0x7ff68f54c872+333782]
	chromedriver!GetHandleVerifier [0x7ff68f24b785+32695]
	chromedriver!GetHandleVerifier [0x7ff68f2542bc+3b1cc]
	chromedriver!(No symbol) [0x7ff68ef450bc]
	chromedriver!GetHandleVerifier [0x7ff68f67dc58+464b68]
	KERNEL32!BaseThreadInitThunk [0x7ffd0725e957+17]
	ntdll!RtlUserThreadStart [0x7ffd0856427c+2c]

2026-05-18 13:14:33 | ERROR    | pytest | Test failed, but screenshot capture was unavailable: Message: invalid session id; For documentation on this error, please visit: https://www.selenium.dev/documentation/webdriver/troubleshooting/errors#invalidsessionidexception
Stacktrace:
	chromedriver!GetHandleVerifier [0x7ff68f501e35+2e8d45]
	chromedriver!GetHandleVerifier [0x7ff68f22e6c0+155d0]
	chromedriver!(No symbol) [0x7ff68ef7d366]
	chromedriver!(No symbol) [0x7ff68efc8dd6]
	chromedriver!(No symbol) [0x7ff68efffd72]
	chromedriver!(No symbol) [0x7ff68eff9baf]
	chromedriver!(No symbol) [0x7ff68eff9373]
	chromedriver!(No symbol) [0x7ff68ef46325]
	chromedriver!GetHandleVerifier [0x7ff68f52dab9+3149c9]
	chromedriver!GetHandleVerifier [0x7ff68f52802b+30ef3b]
	chromedriver!GetHandleVerifier [0x7ff68f54c872+333782]
	chromedriver!GetHandleVerifier [0x7ff68f24b785+32695]
	chromedriver!GetHandleVerifier [0x7ff68f2542bc+3b1cc]
	chromedriver!(No symbol) [0x7ff68ef450bc]
	chromedriver!GetHandleVerifier [0x7ff68f67dc58+464b68]
	KERNEL32!BaseThreadInitThunk [0x7ffd0725e957+17]
	ntdll!RtlUserThreadStart [0x7ffd0856427c+2c]

2026-05-18 13:14:33 | ERROR    | pytest | Current URL attachment was unavailable: Message: invalid session id; For documentation on this error, please visit: https://www.selenium.dev/documentation/webdriver/troubleshooting/errors#invalidsessionidexception
Stacktrace:
	chromedriver!GetHandleVerifier [0x7ff68f501e35+2e8d45]
	chromedriver!GetHandleVerifier [0x7ff68f22e6c0+155d0]
	chromedriver!(No symbol) [0x7ff68ef7d366]
	chromedriver!(No symbol) [0x7ff68efc8dd6]
	chromedriver!(No symbol) [0x7ff68efffd72]
	chromedriver!(No symbol) [0x7ff68eff9baf]
	chromedriver!(No symbol) [0x7ff68eff9373]
	chromedriver!(No symbol) [0x7ff68ef46325]
	chromedriver!GetHandleVerifier [0x7ff68f52dab9+3149c9]
	chromedriver!GetHandleVerifier [0x7ff68f52802b+30ef3b]
	chromedriver!GetHandleVerifier [0x7ff68f54c872+333782]
	chromedriver!GetHandleVerifier [0x7ff68f24b785+32695]
	chromedriver!GetHandleVerifier [0x7ff68f2542bc+3b1cc]
	chromedriver!(No symbol) [0x7ff68ef450bc]
	chromedriver!GetHandleVerifier [0x7ff68f67dc58+464b68]
	KERNEL32!BaseThreadInitThunk [0x7ffd0725e957+17]
	ntdll!RtlUserThreadStart [0x7ffd0856427c+2c]

2026-05-18 13:14:33 | ERROR    | pytest | Test failed, but screenshot capture was unavailable: Message: invalid session id; For documentation on this error, please visit: https://www.selenium.dev/documentation/webdriver/troubleshooting/errors#invalidsessionidexception
Stacktrace:
	chromedriver!GetHandleVerifier [0x7ff68f501e35+2e8d45]
	chromedriver!GetHandleVerifier [0x7ff68f22e6c0+155d0]
	chromedriver!(No symbol) [0x7ff68ef7d366]
	chromedriver!(No symbol) [0x7ff68efc8dd6]
	chromedriver!(No symbol) [0x7ff68efffd72]
	chromedriver!(No symbol) [0x7ff68eff9baf]
	chromedriver!(No symbol) [0x7ff68eff9373]
	chromedriver!(No symbol) [0x7ff68ef46325]
	chromedriver!GetHandleVerifier [0x7ff68f52dab9+3149c9]
	chromedriver!GetHandleVerifier [0x7ff68f52802b+30ef3b]
	chromedriver!GetHandleVerifier [0x7ff68f54c872+333782]
	chromedriver!GetHandleVerifier [0x7ff68f24b785+32695]
	chromedriver!GetHandleVerifier [0x7ff68f2542bc+3b1cc]
	chromedriver!(No symbol) [0x7ff68ef450bc]
	chromedriver!GetHandleVerifier [0x7ff68f67dc58+464b68]
	KERNEL32!BaseThreadInitThunk [0x7ffd0725e957+17]
	ntdll!RtlUserThreadStart [0x7ffd0856427c+2c]

2026-05-18 13:14:33 | ERROR    | pytest | Current URL attachment was unavailable: Message: invalid session id; For documentation on this error, please visit: https://www.selenium.dev/documentation/webdriver/troubleshooting/errors#invalidsessionidexception
Stacktrace:
	chromedriver!GetHandleVerifier [0x7ff68f501e35+2e8d45]
	chromedriver!GetHandleVerifier [0x7ff68f22e6c0+155d0]
	chromedriver!(No symbol) [0x7ff68ef7d366]
	chromedriver!(No symbol) [0x7ff68efc8dd6]
	chromedriver!(No symbol) [0x7ff68efffd72]
	chromedriver!(No symbol) [0x7ff68eff9baf]
	chromedriver!(No symbol) [0x7ff68eff9373]
	chromedriver!(No symbol) [0x7ff68ef46325]
	chromedriver!GetHandleVerifier [0x7ff68f52dab9+3149c9]
	chromedriver!GetHandleVerifier [0x7ff68f52802b+30ef3b]
	chromedriver!GetHandleVerifier [0x7ff68f54c872+333782]
	chromedriver!GetHandleVerifier [0x7ff68f24b785+32695]
	chromedriver!GetHandleVerifier [0x7ff68f2542bc+3b1cc]
	chromedriver!(No symbol) [0x7ff68ef450bc]
	chromedriver!GetHandleVerifier [0x7ff68f67dc58+464b68]
	KERNEL32!BaseThreadInitThunk [0x7ffd0725e957+17]
	ntdll!RtlUserThreadStart [0x7ffd0856427c+2c]

2026-05-18 13:14:34 | ERROR    | pytest | Test failed, but screenshot capture was unavailable: Message: invalid session id; For documentation on this error, please visit: https://www.selenium.dev/documentation/webdriver/troubleshooting/errors#invalidsessionidexception
Stacktrace:
	chromedriver!GetHandleVerifier [0x7ff68f501e35+2e8d45]
	chromedriver!GetHandleVerifier [0x7ff68f22e6c0+155d0]
	chromedriver!(No symbol) [0x7ff68ef7d366]
	chromedriver!(No symbol) [0x7ff68efc8dd6]
	chromedriver!(No symbol) [0x7ff68efffd72]
	chromedriver!(No symbol) [0x7ff68eff9baf]
	chromedriver!(No symbol) [0x7ff68eff9373]
	chromedriver!(No symbol) [0x7ff68ef46325]
	chromedriver!GetHandleVerifier [0x7ff68f52dab9+3149c9]
	chromedriver!GetHandleVerifier [0x7ff68f52802b+30ef3b]
	chromedriver!GetHandleVerifier [0x7ff68f54c872+333782]
	chromedriver!GetHandleVerifier [0x7ff68f24b785+32695]
	chromedriver!GetHandleVerifier [0x7ff68f2542bc+3b1cc]
	chromedriver!(No symbol) [0x7ff68ef450bc]
	chromedriver!GetHandleVerifier [0x7ff68f67dc58+464b68]
	KERNEL32!BaseThreadInitThunk [0x7ffd0725e957+17]
	ntdll!RtlUserThreadStart [0x7ffd0856427c+2c]

2026-05-18 13:14:34 | ERROR    | pytest | Current URL attachment was unavailable: Message: invalid session id; For documentation on this error, please visit: https://www.selenium.dev/documentation/webdriver/troubleshooting/errors#invalidsessionidexception
Stacktrace:
	chromedriver!GetHandleVerifier [0x7ff68f501e35+2e8d45]
	chromedriver!GetHandleVerifier [0x7ff68f22e6c0+155d0]
	chromedriver!(No symbol) [0x7ff68ef7d366]
	chromedriver!(No symbol) [0x7ff68efc8dd6]
	chromedriver!(No symbol) [0x7ff68efffd72]
	chromedriver!(No symbol) [0x7ff68eff9baf]
	chromedriver!(No symbol) [0x7ff68eff9373]
	chromedriver!(No symbol) [0x7ff68ef46325]
	chromedriver!GetHandleVerifier [0x7ff68f52dab9+3149c9]
	chromedriver!GetHandleVerifier [0x7ff68f52802b+30ef3b]
	chromedriver!GetHandleVerifier [0x7ff68f54c872+333782]
	chromedriver!GetHandleVerifier [0x7ff68f24b785+32695]
	chromedriver!GetHandleVerifier [0x7ff68f2542bc+3b1cc]
	chromedriver!(No symbol) [0x7ff68ef450bc]
	chromedriver!GetHandleVerifier [0x7ff68f67dc58+464b68]
	KERNEL32!BaseThreadInitThunk [0x7ffd0725e957+17]
	ntdll!RtlUserThreadStart [0x7ffd0856427c+2c]

2026-05-18 13:14:34 | ERROR    | pytest | Test failed, but screenshot capture was unavailable: Message: invalid session id; For documentation on this error, please visit: https://www.selenium.dev/documentation/webdriver/troubleshooting/errors#invalidsessionidexception
Stacktrace:
	chromedriver!GetHandleVerifier [0x7ff68f501e35+2e8d45]
	chromedriver!GetHandleVerifier [0x7ff68f22e6c0+155d0]
	chromedriver!(No symbol) [0x7ff68ef7d366]
	chromedriver!(No symbol) [0x7ff68efc8dd6]
	chromedriver!(No symbol) [0x7ff68efffd72]
	chromedriver!(No symbol) [0x7ff68eff9baf]
	chromedriver!(No symbol) [0x7ff68eff9373]
	chromedriver!(No symbol) [0x7ff68ef46325]
	chromedriver!GetHandleVerifier [0x7ff68f52dab9+3149c9]
	chromedriver!GetHandleVerifier [0x7ff68f52802b+30ef3b]
	chromedriver!GetHandleVerifier [0x7ff68f54c872+333782]
	chromedriver!GetHandleVerifier [0x7ff68f24b785+32695]
	chromedriver!GetHandleVerifier [0x7ff68f2542bc+3b1cc]
	chromedriver!(No symbol) [0x7ff68ef450bc]
	chromedriver!GetHandleVerifier [0x7ff68f67dc58+464b68]
	KERNEL32!BaseThreadInitThunk [0x7ffd0725e957+17]
	ntdll!RtlUserThreadStart [0x7ffd0856427c+2c]

2026-05-18 13:14:34 | ERROR    | pytest | Current URL attachment was unavailable: Message: invalid session id; For documentation on this error, please visit: https://www.selenium.dev/documentation/webdriver/troubleshooting/errors#invalidsessionidexception
Stacktrace:
	chromedriver!GetHandleVerifier [0x7ff68f501e35+2e8d45]
	chromedriver!GetHandleVerifier [0x7ff68f22e6c0+155d0]
	chromedriver!(No symbol) [0x7ff68ef7d366]
	chromedriver!(No symbol) [0x7ff68efc8dd6]
	chromedriver!(No symbol) [0x7ff68efffd72]
	chromedriver!(No symbol) [0x7ff68eff9baf]
	chromedriver!(No symbol) [0x7ff68eff9373]
	chromedriver!(No symbol) [0x7ff68ef46325]
	chromedriver!GetHandleVerifier [0x7ff68f52dab9+3149c9]
	chromedriver!GetHandleVerifier [0x7ff68f52802b+30ef3b]
	chromedriver!GetHandleVerifier [0x7ff68f54c872+333782]
	chromedriver!GetHandleVerifier [0x7ff68f24b785+32695]
	chromedriver!GetHandleVerifier [0x7ff68f2542bc+3b1cc]
	chromedriver!(No symbol) [0x7ff68ef450bc]
	chromedriver!GetHandleVerifier [0x7ff68f67dc58+464b68]
	KERNEL32!BaseThreadInitThunk [0x7ffd0725e957+17]
	ntdll!RtlUserThreadStart [0x7ffd0856427c+2c]

2026-05-18 13:14:34 | ERROR    | pytest | Test failed, but screenshot capture was unavailable: Message: invalid session id; For documentation on this error, please visit: https://www.selenium.dev/documentation/webdriver/troubleshooting/errors#invalidsessionidexception
Stacktrace:
	chromedriver!GetHandleVerifier [0x7ff68f501e35+2e8d45]
	chromedriver!GetHandleVerifier [0x7ff68f22e6c0+155d0]
	chromedriver!(No symbol) [0x7ff68ef7d366]
	chromedriver!(No symbol) [0x7ff68efc8dd6]
	chromedriver!(No symbol) [0x7ff68efffd72]
	chromedriver!(No symbol) [0x7ff68eff9baf]
	chromedriver!(No symbol) [0x7ff68eff9373]
	chromedriver!(No symbol) [0x7ff68ef46325]
	chromedriver!GetHandleVerifier [0x7ff68f52dab9+3149c9]
	chromedriver!GetHandleVerifier [0x7ff68f52802b+30ef3b]
	chromedriver!GetHandleVerifier [0x7ff68f54c872+333782]
	chromedriver!GetHandleVerifier [0x7ff68f24b785+32695]
	chromedriver!GetHandleVerifier [0x7ff68f2542bc+3b1cc]
	chromedriver!(No symbol) [0x7ff68ef450bc]
	chromedriver!GetHandleVerifier [0x7ff68f67dc58+464b68]
	KERNEL32!BaseThreadInitThunk [0x7ffd0725e957+17]
	ntdll!RtlUserThreadStart [0x7ffd0856427c+2c]

2026-05-18 13:14:34 | ERROR    | pytest | Current URL attachment was unavailable: Message: invalid session id; For documentation on this error, please visit: https://www.selenium.dev/documentation/webdriver/troubleshooting/errors#invalidsessionidexception
Stacktrace:
	chromedriver!GetHandleVerifier [0x7ff68f501e35+2e8d45]
	chromedriver!GetHandleVerifier [0x7ff68f22e6c0+155d0]
	chromedriver!(No symbol) [0x7ff68ef7d366]
	chromedriver!(No symbol) [0x7ff68efc8dd6]
	chromedriver!(No symbol) [0x7ff68efffd72]
	chromedriver!(No symbol) [0x7ff68eff9baf]
	chromedriver!(No symbol) [0x7ff68eff9373]
	chromedriver!(No symbol) [0x7ff68ef46325]
	chromedriver!GetHandleVerifier [0x7ff68f52dab9+3149c9]
	chromedriver!GetHandleVerifier [0x7ff68f52802b+30ef3b]
	chromedriver!GetHandleVerifier [0x7ff68f54c872+333782]
	chromedriver!GetHandleVerifier [0x7ff68f24b785+32695]
	chromedriver!GetHandleVerifier [0x7ff68f2542bc+3b1cc]
	chromedriver!(No symbol) [0x7ff68ef450bc]
	chromedriver!GetHandleVerifier [0x7ff68f67dc58+464b68]
	KERNEL32!BaseThreadInitThunk [0x7ffd0725e957+17]
	ntdll!RtlUserThreadStart [0x7ffd0856427c+2c]

2026-05-18 13:14:34 | INFO     | pytest | Closing browser after complete test session
