2026-05-18 13:30:39 | INFO     | pytest | Starting browser: edge
2026-05-18 13:30:40 | INFO     | e2e | Opening home page for end-to-end flow: https://www.99acres.com/
2026-05-18 13:30:48 | INFO     | e2e | Captured E2E step screenshot: C:\Users\bkavi\OneDrive\Desktop\Wipro Project\screenshots\e2e_01_home_page_opened_20260518_133047.png
2026-05-18 13:30:50 | INFO     | e2e | Captured E2E step screenshot: C:\Users\bkavi\OneDrive\Desktop\Wipro Project\screenshots\e2e_02_login_popup_opened_20260518_133049.png
2026-05-18 13:31:07 | INFO     | e2e | Login session expired. Refreshing page and retrying once.
2026-05-18 13:31:32 | ERROR    | pytest | Test failed. Screenshot saved: C:\Users\bkavi\OneDrive\Desktop\Wipro Project\screenshots\tests_test_e2e_99acres.py_Test99AcresEndToEnd_test_login_search_and_filter_mumbai_properties_20260518_133132.png
2026-05-18 13:32:27 | ERROR    | pytest | Test failed. Screenshot saved: C:\Users\bkavi\OneDrive\Desktop\Wipro Project\screenshots\tests_test_login.py_TestLogin_test_user_can_start_login_flow_20260518_133227.png
2026-05-18 13:32:34 | ERROR    | pytest | Test failed, but screenshot capture was unavailable: Message: invalid session id; For documentation on this error, please visit: https://www.selenium.dev/documentation/webdriver/troubleshooting/errors#invalidsessionidexception
Stacktrace:
	msedgedriver!GetHandleVerifier [0x7ff60a4fe295+e0f5]
	msedgedriver!GetHandleVerifier [0x7ff60a4fe2f4+e154]
	msedgedriver!(No symbol) [0x7ff60a22ac4e]
	msedgedriver!(No symbol) [0x7ff60a268d05]
	msedgedriver!(No symbol) [0x7ff60a294022]
	msedgedriver!(No symbol) [0x7ff60a222767]
	msedgedriver!(No symbol) [0x7ff60a2906ae]
	msedgedriver!(No symbol) [0x7ff60a28ff3c]
	msedgedriver!(No symbol) [0x7ff60a202ea5]
	msedgedriver!(No symbol) [0x7ff60a332519]
	msedgedriver!(No symbol) [0x7ff60a32ec93]
	msedgedriver!(No symbol) [0x7ff60a33f182]
	msedgedriver!GetHandleVerifier [0x7ff60a51aa68+2a8c8]
	msedgedriver!GetHandleVerifier [0x7ff60a5232f6+33156]
	msedgedriver!(No symbol) [0x7ff60a20183c]
	msedgedriver!GetHandleVerifier [0x7ff60a684368+1941c8]
	KERNEL32!BaseThreadInitThunk [0x7ffd0725e957+17]
	ntdll!RtlUserThreadStart [0x7ffd0856427c+2c]

2026-05-18 13:32:34 | ERROR    | pytest | Current URL attachment was unavailable: Message: invalid session id; For documentation on this error, please visit: https://www.selenium.dev/documentation/webdriver/troubleshooting/errors#invalidsessionidexception
Stacktrace:
	msedgedriver!GetHandleVerifier [0x7ff60a4fe295+e0f5]
	msedgedriver!GetHandleVerifier [0x7ff60a4fe2f4+e154]
	msedgedriver!(No symbol) [0x7ff60a22ac4e]
	msedgedriver!(No symbol) [0x7ff60a268d05]
	msedgedriver!(No symbol) [0x7ff60a294022]
	msedgedriver!(No symbol) [0x7ff60a222767]
	msedgedriver!(No symbol) [0x7ff60a2906ae]
	msedgedriver!(No symbol) [0x7ff60a28ff3c]
	msedgedriver!(No symbol) [0x7ff60a202ea5]
	msedgedriver!(No symbol) [0x7ff60a332519]
	msedgedriver!(No symbol) [0x7ff60a32ec93]
	msedgedriver!(No symbol) [0x7ff60a33f182]
	msedgedriver!GetHandleVerifier [0x7ff60a51aa68+2a8c8]
	msedgedriver!GetHandleVerifier [0x7ff60a5232f6+33156]
	msedgedriver!(No symbol) [0x7ff60a20183c]
	msedgedriver!GetHandleVerifier [0x7ff60a684368+1941c8]
	KERNEL32!BaseThreadInitThunk [0x7ffd0725e957+17]
	ntdll!RtlUserThreadStart [0x7ffd0856427c+2c]

2026-05-18 13:32:34 | ERROR    | pytest | Test failed, but screenshot capture was unavailable: Message: invalid session id; For documentation on this error, please visit: https://www.selenium.dev/documentation/webdriver/troubleshooting/errors#invalidsessionidexception
Stacktrace:
	msedgedriver!GetHandleVerifier [0x7ff60a4fe295+e0f5]
	msedgedriver!GetHandleVerifier [0x7ff60a4fe2f4+e154]
	msedgedriver!(No symbol) [0x7ff60a22ac4e]
	msedgedriver!(No symbol) [0x7ff60a268d05]
	msedgedriver!(No symbol) [0x7ff60a294022]
	msedgedriver!(No symbol) [0x7ff60a222767]
	msedgedriver!(No symbol) [0x7ff60a2906ae]
	msedgedriver!(No symbol) [0x7ff60a28ff3c]
	msedgedriver!(No symbol) [0x7ff60a202ea5]
	msedgedriver!(No symbol) [0x7ff60a332519]
	msedgedriver!(No symbol) [0x7ff60a32ec93]
	msedgedriver!(No symbol) [0x7ff60a33f182]
	msedgedriver!GetHandleVerifier [0x7ff60a51aa68+2a8c8]
	msedgedriver!GetHandleVerifier [0x7ff60a5232f6+33156]
	msedgedriver!(No symbol) [0x7ff60a20183c]
	msedgedriver!GetHandleVerifier [0x7ff60a684368+1941c8]
	KERNEL32!BaseThreadInitThunk [0x7ffd0725e957+17]
	ntdll!RtlUserThreadStart [0x7ffd0856427c+2c]

2026-05-18 13:32:34 | ERROR    | pytest | Current URL attachment was unavailable: Message: invalid session id; For documentation on this error, please visit: https://www.selenium.dev/documentation/webdriver/troubleshooting/errors#invalidsessionidexception
Stacktrace:
	msedgedriver!GetHandleVerifier [0x7ff60a4fe295+e0f5]
	msedgedriver!GetHandleVerifier [0x7ff60a4fe2f4+e154]
	msedgedriver!(No symbol) [0x7ff60a22ac4e]
	msedgedriver!(No symbol) [0x7ff60a268d05]
	msedgedriver!(No symbol) [0x7ff60a294022]
	msedgedriver!(No symbol) [0x7ff60a222767]
	msedgedriver!(No symbol) [0x7ff60a2906ae]
	msedgedriver!(No symbol) [0x7ff60a28ff3c]
	msedgedriver!(No symbol) [0x7ff60a202ea5]
	msedgedriver!(No symbol) [0x7ff60a332519]
	msedgedriver!(No symbol) [0x7ff60a32ec93]
	msedgedriver!(No symbol) [0x7ff60a33f182]
	msedgedriver!GetHandleVerifier [0x7ff60a51aa68+2a8c8]
	msedgedriver!GetHandleVerifier [0x7ff60a5232f6+33156]
	msedgedriver!(No symbol) [0x7ff60a20183c]
	msedgedriver!GetHandleVerifier [0x7ff60a684368+1941c8]
	KERNEL32!BaseThreadInitThunk [0x7ffd0725e957+17]
	ntdll!RtlUserThreadStart [0x7ffd0856427c+2c]

2026-05-18 13:32:34 | ERROR    | pytest | Test failed, but screenshot capture was unavailable: Message: invalid session id; For documentation on this error, please visit: https://www.selenium.dev/documentation/webdriver/troubleshooting/errors#invalidsessionidexception
Stacktrace:
	msedgedriver!GetHandleVerifier [0x7ff60a4fe295+e0f5]
	msedgedriver!GetHandleVerifier [0x7ff60a4fe2f4+e154]
	msedgedriver!(No symbol) [0x7ff60a22ac4e]
	msedgedriver!(No symbol) [0x7ff60a268d05]
	msedgedriver!(No symbol) [0x7ff60a294022]
	msedgedriver!(No symbol) [0x7ff60a222767]
	msedgedriver!(No symbol) [0x7ff60a2906ae]
	msedgedriver!(No symbol) [0x7ff60a28ff3c]
	msedgedriver!(No symbol) [0x7ff60a202ea5]
	msedgedriver!(No symbol) [0x7ff60a332519]
	msedgedriver!(No symbol) [0x7ff60a32ec93]
	msedgedriver!(No symbol) [0x7ff60a33f182]
	msedgedriver!GetHandleVerifier [0x7ff60a51aa68+2a8c8]
	msedgedriver!GetHandleVerifier [0x7ff60a5232f6+33156]
	msedgedriver!(No symbol) [0x7ff60a20183c]
	msedgedriver!GetHandleVerifier [0x7ff60a684368+1941c8]
	KERNEL32!BaseThreadInitThunk [0x7ffd0725e957+17]
	ntdll!RtlUserThreadStart [0x7ffd0856427c+2c]

2026-05-18 13:32:34 | ERROR    | pytest | Current URL attachment was unavailable: Message: invalid session id; For documentation on this error, please visit: https://www.selenium.dev/documentation/webdriver/troubleshooting/errors#invalidsessionidexception
Stacktrace:
	msedgedriver!GetHandleVerifier [0x7ff60a4fe295+e0f5]
	msedgedriver!GetHandleVerifier [0x7ff60a4fe2f4+e154]
	msedgedriver!(No symbol) [0x7ff60a22ac4e]
	msedgedriver!(No symbol) [0x7ff60a268d05]
	msedgedriver!(No symbol) [0x7ff60a294022]
	msedgedriver!(No symbol) [0x7ff60a222767]
	msedgedriver!(No symbol) [0x7ff60a2906ae]
	msedgedriver!(No symbol) [0x7ff60a28ff3c]
	msedgedriver!(No symbol) [0x7ff60a202ea5]
	msedgedriver!(No symbol) [0x7ff60a332519]
	msedgedriver!(No symbol) [0x7ff60a32ec93]
	msedgedriver!(No symbol) [0x7ff60a33f182]
	msedgedriver!GetHandleVerifier [0x7ff60a51aa68+2a8c8]
	msedgedriver!GetHandleVerifier [0x7ff60a5232f6+33156]
	msedgedriver!(No symbol) [0x7ff60a20183c]
	msedgedriver!GetHandleVerifier [0x7ff60a684368+1941c8]
	KERNEL32!BaseThreadInitThunk [0x7ffd0725e957+17]
	ntdll!RtlUserThreadStart [0x7ffd0856427c+2c]

2026-05-18 13:32:34 | INFO     | pytest | Closing browser after complete test session
