2026-05-20 16:46:50 | INFO     | HomePage | Opening URL: https://www.99acres.com/
2026-05-20 16:46:53 | INFO     | HomePage | Page loaded completely: https://www.99acres.com/
2026-05-20 16:46:58 | INFO     | HomePage | Clicked available locator: ('xpath', "//button[normalize-space()='Okay' or normalize-space()='OK']")
2026-05-20 16:46:58 | INFO     | HomePage | Page loaded completely: https://www.99acres.com/
2026-05-20 16:47:00 | INFO     | HomePage | Hovered on login icon: ('xpath', "//i[contains(@class,'icon_userWhite') and contains(@class,'theader__dot')]")
2026-05-20 16:47:00 | INFO     | HomePage | Clicked available locator: ('xpath', "//*[contains(text(),'LOGIN / REGISTER') or contains(text(),'Login / Register') or contains(text(),'LOGIN/REGISTER') or contains(text(),'Login/Register')]")
2026-05-20 16:47:01 | INFO     | LoginPage | Entering mobile number using locator: ('xpath', "//input[@data-for='phnNumber']")
2026-05-20 16:47:07 | INFO     | LoginPage | Clicked available locator: ('xpath', "//button[normalize-space()='Continue']")
2026-05-20 16:47:12 | INFO     | LoginPage | Mobile number submitted. Pausing for 60 seconds to allow manual OTP entry. No further actions will run during this wait.
2026-05-20 16:48:12 | INFO     | LoginPage | Manual OTP wait completed. Verifying whether login has completed successfully.
2026-05-20 16:48:12 | INFO     | LoginPage | Login success confirmed. Waiting 40 seconds for the post-login page to stabilize.
2026-05-20 16:48:52 | INFO     | LoginPage | Page loaded completely: https://www.99acres.com/
2026-05-20 16:48:52 | INFO     | LoginPage | Post-login stabilization wait completed. E2E flow can continue.
2026-05-20 16:48:54 | INFO     | HomePage | Clicked available locator: ('xpath', "//*[@id='suggestions_custom']/li[@title='Mumbai']")
2026-05-20 16:48:55 | INFO     | HomePage | Clicked available locator: ('xpath', '//*[@id="searchform_search_btn"]')
2026-05-20 16:49:01 | INFO     | HomePage | Page loaded completely: https://www.99acres.com/search/property/buy/mumbai?city=12&keyword=Mumbai&preference=S&res_com=R
2026-05-20 16:49:02 | INFO     | SearchResultsPage | Page loaded completely: https://www.99acres.com/search/property/buy/mumbai?city=12&keyword=Mumbai&preference=S&res_com=R
2026-05-20 16:49:02 | INFO     | SearchResultsPage | Clicked available locator: ('xpath', '/html/body/div[1]/div/div/div[4]/div[2]/div/div[2]/div/div[2]/div/div[1]')
2026-05-20 16:49:05 | INFO     | SearchResultsPage | Clicked available locator: ('xpath', '//*[@id="lf_budget_min_list"]/li[5]')
2026-05-20 16:49:18 | INFO     | SearchResultsPage | Stale element while clicking ('xpath', '/html/body/div[1]/div/div/div[4]/div[2]/div/div[2]/div/div[2]/div/div[3]'). Retry 1/3.
2026-05-20 16:49:30 | INFO     | SearchResultsPage | Stale element while clicking ('xpath', '/html/body/div[1]/div/div/div[4]/div[2]/div/div[2]/div/div[2]/div/div[3]'). Retry 2/3.
2026-05-20 16:49:42 | INFO     | SearchResultsPage | Stale element while clicking ('xpath', '/html/body/div[1]/div/div/div[4]/div[2]/div/div[2]/div/div[2]/div/div[3]'). Retry 3/3.
2026-05-20 16:49:42 | INFO     | SearchResultsPage | Requested max-budget dropdown XPath was unavailable; using visible max-budget control.
2026-05-20 16:49:42 | INFO     | SearchResultsPage | Clicked available locator: ('xpath', "//*[contains(@class, 'bdf__maxValue') and normalize-space()='No max']")
2026-05-20 16:49:43 | INFO     | SearchResultsPage | Clicked available locator: ('xpath', '//*[@id="lf_budget_max_list"]/li[11]')
2026-05-20 16:49:44 | INFO     | SearchResultsPage | Page loaded completely: https://www.99acres.com/search/property/buy/mumbai?city=12&keyword=Mumbai&preference=S&res_com=R
2026-05-20 16:49:44 | INFO     | SearchResultsPage | Page loaded completely: https://www.99acres.com/search/property/buy/mumbai?city=12&keyword=Mumbai&preference=S&res_com=R
2026-05-20 16:49:44 | INFO     | SearchResultsPage | Clicked requested filter locator: ('xpath', '/html/body/div[1]/div/div/div[4]/div[2]/div/div[4]/div/div/div[2]/div[2]')
2026-05-20 16:49:46 | INFO     | SearchResultsPage | Clicked requested filter locator: ('xpath', '//*[@id="__Owner__"]')
2026-05-20 16:50:10 | INFO     | SearchResultsPage | Stale element while clicking ('xpath', '/html/body/div[1]/div/div/div[4]/div[2]/div/div[7]/div/div[2]/div/div[1]'). Retry 1/3.
2026-05-20 16:50:19 | INFO     | SearchResultsPage | Stale element while clicking ('xpath', '/html/body/div[1]/div/div/div[4]/div[2]/div/div[7]/div/div[2]/div/div[1]'). Retry 2/3.
2026-05-20 16:50:29 | INFO     | SearchResultsPage | Stale element while clicking ('xpath', '/html/body/div[1]/div/div/div[4]/div[2]/div/div[7]/div/div[2]/div/div[1]'). Retry 3/3.
2026-05-20 16:50:29 | INFO     | SearchResultsPage | Filter locator was unavailable or stale, trying fallback: ('xpath', '/html/body/div[1]/div/div/div[4]/div[2]/div/div[7]/div/div[2]/div/div[1]')
2026-05-20 16:50:30 | INFO     | SearchResultsPage | Clicked requested filter locator: ('xpath', "//*[@id='bedroom_num' and self::div]/following-sibling::div//*[@datalabel='BEDROOM_CLUSTER' and @id='1']")
2026-05-20 16:50:52 | INFO     | SearchResultsPage | Stale element while clicking ('xpath', '/html/body/div[1]/div/div/div[4]/div[2]/div/div[7]/div/div[2]/div/div[3]'). Retry 1/3.
2026-05-20 16:51:01 | INFO     | SearchResultsPage | Stale element while clicking ('xpath', '/html/body/div[1]/div/div/div[4]/div[2]/div/div[7]/div/div[2]/div/div[3]'). Retry 2/3.
2026-05-20 16:51:11 | INFO     | SearchResultsPage | Stale element while clicking ('xpath', '/html/body/div[1]/div/div/div[4]/div[2]/div/div[7]/div/div[2]/div/div[3]'). Retry 3/3.
2026-05-20 16:51:11 | INFO     | SearchResultsPage | Filter locator was unavailable or stale, trying fallback: ('xpath', '/html/body/div[1]/div/div/div[4]/div[2]/div/div[7]/div/div[2]/div/div[3]')
2026-05-20 16:51:12 | INFO     | SearchResultsPage | Clicked requested filter locator: ('xpath', "//*[@id='bedroom_num' and self::div]/following-sibling::div//*[@datalabel='BEDROOM_CLUSTER' and @id='3']")
2026-05-20 16:51:22 | INFO     | SearchResultsPage | Stale element while clicking ('xpath', '/html/body/div[1]/div/div/div[4]/div[2]/div/div[8]/div/div/div[2]/div[1]/div/label'). Retry 1/3.
2026-05-20 16:51:32 | INFO     | SearchResultsPage | Stale element while clicking ('xpath', '/html/body/div[1]/div/div/div[4]/div[2]/div/div[8]/div/div/div[2]/div[1]/div/label'). Retry 2/3.
2026-05-20 16:51:42 | INFO     | SearchResultsPage | Stale element while clicking ('xpath', '/html/body/div[1]/div/div/div[4]/div[2]/div/div[8]/div/div/div[2]/div[1]/div/label'). Retry 3/3.
2026-05-20 16:51:42 | INFO     | SearchResultsPage | Filter locator was unavailable or stale, trying fallback: ('xpath', '/html/body/div[1]/div/div/div[4]/div[2]/div/div[8]/div/div/div[2]/div[1]/div/label')
2026-05-20 16:51:42 | INFO     | SearchResultsPage | Clicked requested filter locator: ('xpath', "//*[@id='furnish' and self::div]")
2026-05-20 16:51:42 | INFO     | SearchResultsPage | Clicked requested filter locator: ('xpath', "//*[@id='furnish' and self::div]/following-sibling::div//*[self::div or self::label][normalize-space()][1]")
2026-05-20 16:51:52 | INFO     | SearchResultsPage | Stale element while clicking ('xpath', '/html/body/div[1]/div/div/div[4]/div[2]/div/div[11]/div/div/div[2]/div[3]'). Retry 1/3.
2026-05-20 16:52:02 | INFO     | SearchResultsPage | Stale element while clicking ('xpath', '/html/body/div[1]/div/div/div[4]/div[2]/div/div[11]/div/div/div[2]/div[3]'). Retry 2/3.
2026-05-20 16:52:11 | INFO     | SearchResultsPage | Stale element while clicking ('xpath', '/html/body/div[1]/div/div/div[4]/div[2]/div/div[11]/div/div/div[2]/div[3]'). Retry 3/3.
2026-05-20 16:52:11 | INFO     | SearchResultsPage | Filter locator was unavailable or stale, trying fallback: ('xpath', '/html/body/div[1]/div/div/div[4]/div[2]/div/div[11]/div/div/div[2]/div[3]')
2026-05-20 16:52:12 | INFO     | SearchResultsPage | Clicked requested filter locator: ('xpath', "//*[@id='amenities' and self::div]/following-sibling::div//*[@datalabel='AMENITIES_CLUSTER'][3]")
2026-05-20 16:52:22 | INFO     | SearchResultsPage | Stale element while clicking ('xpath', '/html/body/div[1]/div/div/div[4]/div[2]/div/div[11]/div/div/div[2]/div[2]'). Retry 1/3.
2026-05-20 16:52:32 | INFO     | SearchResultsPage | Stale element while clicking ('xpath', '/html/body/div[1]/div/div/div[4]/div[2]/div/div[11]/div/div/div[2]/div[2]'). Retry 2/3.
2026-05-20 16:52:42 | INFO     | SearchResultsPage | Stale element while clicking ('xpath', '/html/body/div[1]/div/div/div[4]/div[2]/div/div[11]/div/div/div[2]/div[2]'). Retry 3/3.
2026-05-20 16:52:42 | INFO     | SearchResultsPage | Filter locator was unavailable or stale, trying fallback: ('xpath', '/html/body/div[1]/div/div/div[4]/div[2]/div/div[11]/div/div/div[2]/div[2]')
2026-05-20 16:52:42 | INFO     | SearchResultsPage | Clicked requested filter locator: ('xpath', "//*[@id='amenities' and self::div]/following-sibling::div//*[@datalabel='AMENITIES_CLUSTER'][2]")
2026-05-20 16:52:43 | INFO     | SearchResultsPage | Page loaded completely: https://www.99acres.com/search/property/buy/mumbai?city=12&keyword=Mumbai&preference=S&res_com=R
2026-05-20 16:53:01 | INFO     | SearchResultsPage | Final action locator was not present, trying fallback: ('xpath', '/html/body/div[1]/div/div/div[3]/div[3]/div[2]/section[2]/div/div/div[2]/div[2]/button[1]')
2026-05-20 16:53:01 | INFO     | SearchResultsPage | Clicked final action button after filters were applied: ('xpath', '/html/body/div[1]/div/div/div[4]/div[3]/div[2]/section[2]/div/div/div[2]/div[2]/button[1]')
