2026-05-20 12:35:51 | INFO     | HomePage | Opening URL: https://www.99acres.com/
2026-05-20 12:35:54 | INFO     | HomePage | Page loaded completely: https://www.99acres.com/
2026-05-20 12:35:58 | INFO     | HomePage | Clicked available locator: ('xpath', "//button[normalize-space()='Okay' or normalize-space()='OK']")
2026-05-20 12:35:58 | INFO     | HomePage | Page loaded completely: https://www.99acres.com/
2026-05-20 12:35:59 | INFO     | HomePage | Hovered on login icon: ('xpath', "//i[contains(@class,'icon_userWhite') and contains(@class,'theader__dot')]")
2026-05-20 12:35:59 | INFO     | HomePage | Clicked available locator: ('xpath', "//*[contains(text(),'LOGIN / REGISTER') or contains(text(),'Login / Register') or contains(text(),'LOGIN/REGISTER') or contains(text(),'Login/Register')]")
2026-05-20 12:36:00 | INFO     | LoginPage | Entering mobile number using locator: ('xpath', "//input[@data-for='phnNumber']")
2026-05-20 12:36:06 | INFO     | LoginPage | Clicked available locator: ('xpath', "//button[normalize-space()='Continue']")
2026-05-20 12:36:11 | INFO     | LoginPage | Waiting up to 60 seconds for login success indicators.
2026-05-20 12:36:14 | INFO     | HomePage | Clicked available locator: ('xpath', "//*[@id='suggestions_custom']/li[@title='Mumbai']")
2026-05-20 12:36:15 | INFO     | HomePage | Clicked available locator: ('xpath', '//*[@id="searchform_search_btn"]')
2026-05-20 12:36:15 | INFO     | HomePage | Page loaded completely: https://www.99acres.com/
2026-05-20 12:36:20 | INFO     | SearchResultsPage | Clicked available locator: ('xpath', '/html/body/div[1]/div/div/div[4]/div[2]/div/div[2]/div/div[2]/div/div[1]')
2026-05-20 12:36:22 | INFO     | SearchResultsPage | Clicked available locator: ('xpath', '//*[@id="lf_budget_min_list"]/li[5]')
2026-05-20 12:36:34 | INFO     | SearchResultsPage | Requested max-budget dropdown XPath was unavailable; using visible max-budget control.
2026-05-20 12:36:34 | INFO     | SearchResultsPage | Clicked available locator: ('xpath', "//*[contains(@class, 'bdf__maxValue') and normalize-space()='No max']")
2026-05-20 12:36:35 | INFO     | SearchResultsPage | Clicked available locator: ('xpath', '//*[@id="lf_budget_max_list"]/li[11]')
2026-05-20 12:36:35 | INFO     | SearchResultsPage | Page loaded completely: https://www.99acres.com/search/property/buy/mumbai?city=12&keyword=Mumbai&preference=S&res_com=R
2026-05-20 12:36:35 | INFO     | SearchResultsPage | Stale element while clicking ('xpath', '/html/body/div[1]/div/div/div[4]/div[2]/div/div[4]/div/div/div[2]/div[2]'). Retry 1/3.
2026-05-20 12:36:36 | INFO     | SearchResultsPage | Clicked requested filter locator: ('xpath', '/html/body/div[1]/div/div/div[4]/div[2]/div/div[4]/div/div/div[2]/div[2]')
2026-05-20 12:36:36 | INFO     | SearchResultsPage | Clicked requested filter locator: ('xpath', '//*[@id="__Owner__"]')
2026-05-20 12:36:41 | INFO     | SearchResultsPage | Bedroom filters are unavailable after property-type click; selecting Residential Apartment.
2026-05-20 12:36:41 | INFO     | SearchResultsPage | Clicked requested filter locator: ('xpath', "//*[@id='property_type' and self::div]/following-sibling::div//*[@datalabel='PROPTYPE_CLUSTER' and @id='1']")
2026-05-20 12:36:42 | INFO     | SearchResultsPage | Clicked requested filter locator: ('xpath', '/html/body/div[1]/div/div/div[4]/div[2]/div/div[7]/div/div[2]/div/div[1]')
2026-05-20 12:36:43 | INFO     | SearchResultsPage | Clicked requested filter locator: ('xpath', '/html/body/div[1]/div/div/div[4]/div[2]/div/div[7]/div/div[2]/div/div[3]')
2026-05-20 12:36:43 | INFO     | SearchResultsPage | Clicked requested filter locator: ('xpath', '/html/body/div[1]/div/div/div[4]/div[2]/div/div[8]/div/div/div[2]/div[1]/div/label')
2026-05-20 12:36:50 | INFO     | SearchResultsPage | Filter locator was unavailable or stale, trying fallback: ('xpath', "//*[@id='furnish' and self::div]/following-sibling::div//*[self::div or self::label][normalize-space()][1]")
2026-05-20 12:36:50 | INFO     | SearchResultsPage | Optional filter locator was unavailable or already selected: (('xpath', "//*[@id='furnish' and self::div]/following-sibling::div//*[self::div or self::label][normalize-space()][1]"),)
2026-05-20 12:36:51 | INFO     | SearchResultsPage | Clicked requested filter locator: ('xpath', '/html/body/div[1]/div/div/div[4]/div[2]/div/div[11]/div/div/div[2]/div[3]')
2026-05-20 12:36:52 | INFO     | SearchResultsPage | Clicked requested filter locator: ('xpath', '/html/body/div[1]/div/div/div[4]/div[2]/div/div[11]/div/div/div[2]/div[2]')
2026-05-20 12:36:52 | INFO     | SearchResultsPage | Page loaded completely: https://www.99acres.com/search/property/buy/mumbai?city=12&keyword=Mumbai&preference=S&res_com=R
2026-05-20 12:37:09 | INFO     | SearchResultsPage | Final action locator was not present, trying fallback: ('xpath', '/html/body/div[1]/div/div/div[3]/div[3]/div[2]/section[2]/div/div/div[2]/div[2]/button[1]')
2026-05-20 12:37:10 | INFO     | SearchResultsPage | Clicked final action button after filters were applied: ('xpath', '/html/body/div[1]/div/div/div[4]/div[3]/div[2]/section[2]/div/div/div[2]/div[2]/button[1]')
2026-05-20 12:37:18 | INFO     | HomePage | Opening URL: https://www.99acres.com/
2026-05-20 12:37:20 | INFO     | HomePage | Page loaded completely: https://www.99acres.com/
2026-05-20 12:37:24 | INFO     | HomePage | Clicked available locator: ('xpath', "//button[normalize-space()='Okay' or normalize-space()='OK']")
2026-05-20 12:37:24 | INFO     | HomePage | Hovered on login icon: ('xpath', "//i[contains(@class,'icon_userWhite') and contains(@class,'theader__dot')]")
2026-05-20 12:37:25 | INFO     | HomePage | Clicked available locator: ('xpath', "//*[contains(text(),'LOGIN / REGISTER') or contains(text(),'Login / Register') or contains(text(),'LOGIN/REGISTER') or contains(text(),'Login/Register')]")
2026-05-20 12:37:29 | INFO     | HomePage | Opening URL: https://www.99acres.com/
2026-05-20 12:37:31 | INFO     | HomePage | Page loaded completely: https://www.99acres.com/
2026-05-20 12:37:35 | INFO     | HomePage | Clicked available locator: ('xpath', "//button[normalize-space()='Okay' or normalize-space()='OK']")
2026-05-20 12:37:36 | INFO     | HomePage | Hovered on login icon: ('xpath', "//i[contains(@class,'icon_userWhite') and contains(@class,'theader__dot')]")
2026-05-20 12:37:36 | INFO     | HomePage | Clicked available locator: ('xpath', "//*[contains(text(),'LOGIN / REGISTER') or contains(text(),'Login / Register') or contains(text(),'LOGIN/REGISTER') or contains(text(),'Login/Register')]")
2026-05-20 12:37:36 | INFO     | LoginPage | Entering mobile number using locator: ('xpath', "//input[@data-for='phnNumber']")
2026-05-20 12:37:41 | INFO     | LoginPage | Clicked available locator: ('xpath', "//button[normalize-space()='Continue']")
2026-05-20 12:37:46 | INFO     | LoginPage | Waiting up to 60 seconds for login success indicators.
2026-05-20 12:37:50 | INFO     | HomePage | Opening URL: https://www.99acres.com/
2026-05-20 12:37:53 | INFO     | HomePage | Page loaded completely: https://www.99acres.com/
2026-05-20 12:37:55 | INFO     | HomePage | Cookie confirmation was not shown.
2026-05-20 12:37:59 | INFO     | HomePage | Opening URL: https://www.99acres.com/
